#! /usr/bin/vvp
:ivl_version "10.1 (stable)";
:ivl_delay_selection "TYPICAL";
:vpi_time_precision + 0;
:vpi_module "system";
:vpi_module "vhdl_sys";
:vpi_module "v2005_math";
:vpi_module "va_math";
S_0x56513f8a0660 .scope module, "led_flash_tb" "led_flash_tb" 2 2;
 .timescale 0 0;
P_0x56513f8a07e0 .param/l "CYCLE" 0 2 7, +C4<00000000000000000000000000001010>;
v0x56513f8c0cd0_0 .var "clk", 0 0;
v0x56513f8c0d70_0 .net "d", 0 0, v0x56513f89c280_0;  1 drivers
v0x56513f8c0e10_0 .var "rst", 0 0;
S_0x56513f8a0880 .scope module, "flashing" "flashing" 2 13, 3 43 0, S_0x56513f8a0660;
 .timescale 0 0;
    .port_info 0 /INPUT 1 "clk"
    .port_info 1 /INPUT 1 "rstb"
    .port_info 2 /OUTPUT 1 "led_0"
v0x56513f89bb30_0 .net "clk", 0 0, v0x56513f8c0cd0_0;  1 drivers
v0x56513f89c280_0 .var "led_0", 0 0;
v0x56513f89c980_0 .var "led_cnt", 31 0;
v0x56513f89d010_0 .var "led_cnt_max", 31 0;
v0x56513f89db50_0 .var "rst_sig", 0 0;
v0x56513f8c0890_0 .net "rstb", 0 0, v0x56513f8c0e10_0;  1 drivers
v0x56513f8c0950_0 .var "rstb_dff1", 0 0;
v0x56513f8c0a10_0 .var "rstb_dff2", 0 0;
v0x56513f8c0ad0_0 .var "rstb_dff3", 0 0;
v0x56513f8c0b90_0 .var "start_sig", 0 0;
E_0x56513f85ddd0 .event posedge, v0x56513f89bb30_0;
    .scope S_0x56513f8a0880;
T_0 ;
    %wait E_0x56513f85ddd0;
    %load/vec4 v0x56513f8c0890_0;
    %assign/vec4 v0x56513f8c0950_0, 0;
    %load/vec4 v0x56513f8c0950_0;
    %assign/vec4 v0x56513f8c0a10_0, 0;
    %load/vec4 v0x56513f8c0a10_0;
    %assign/vec4 v0x56513f8c0ad0_0, 0;
    %jmp T_0;
    .thread T_0;
    .scope S_0x56513f8a0880;
T_1 ;
    %wait E_0x56513f85ddd0;
    %load/vec4 v0x56513f8c0a10_0;
    %pushi/vec4 0, 0, 1;
    %cmp/e;
    %flag_get/vec4 4;
    %load/vec4 v0x56513f8c0ad0_0;
    %pushi/vec4 1, 0, 1;
    %cmp/e;
    %flag_get/vec4 4;
    %and;
    %flag_set/vec4 8;
    %jmp/0xz  T_1.0, 8;
    %pushi/vec4 1, 0, 1;
    %assign/vec4 v0x56513f89db50_0, 0;
    %jmp T_1.1;
T_1.0 ;
    %pushi/vec4 0, 0, 1;
    %assign/vec4 v0x56513f89db50_0, 0;
T_1.1 ;
    %jmp T_1;
    .thread T_1;
    .scope S_0x56513f8a0880;
T_2 ;
    %wait E_0x56513f85ddd0;
    %load/vec4 v0x56513f8c0a10_0;
    %pushi/vec4 1, 0, 1;
    %cmp/e;
    %flag_get/vec4 4;
    %load/vec4 v0x56513f8c0ad0_0;
    %pushi/vec4 0, 0, 1;
    %cmp/e;
    %flag_get/vec4 4;
    %and;
    %flag_set/vec4 8;
    %jmp/0xz  T_2.0, 8;
    %pushi/vec4 1, 0, 1;
    %assign/vec4 v0x56513f8c0b90_0, 0;
    %jmp T_2.1;
T_2.0 ;
    %pushi/vec4 0, 0, 1;
    %assign/vec4 v0x56513f8c0b90_0, 0;
T_2.1 ;
    %jmp T_2;
    .thread T_2;
    .scope S_0x56513f8a0880;
T_3 ;
    %wait E_0x56513f85ddd0;
    %load/vec4 v0x56513f89db50_0;
    %cmpi/e 1, 0, 1;
    %jmp/0xz  T_3.0, 4;
    %pushi/vec4 4294967295, 0, 32;
    %assign/vec4 v0x56513f89d010_0, 0;
    %jmp T_3.1;
T_3.0 ;
    %load/vec4 v0x56513f8c0b90_0;
    %cmpi/e 1, 0, 1;
    %jmp/0xz  T_3.2, 4;
    %load/vec4 v0x56513f89c980_0;
    %assign/vec4 v0x56513f89d010_0, 0;
T_3.2 ;
T_3.1 ;
    %jmp T_3;
    .thread T_3;
    .scope S_0x56513f8a0880;
T_4 ;
    %wait E_0x56513f85ddd0;
    %load/vec4 v0x56513f89db50_0;
    %cmpi/e 1, 0, 1;
    %jmp/0xz  T_4.0, 4;
    %pushi/vec4 0, 0, 32;
    %assign/vec4 v0x56513f89c980_0, 0;
    %jmp T_4.1;
T_4.0 ;
    %load/vec4 v0x56513f8c0b90_0;
    %cmpi/e 1, 0, 1;
    %flag_mov 8, 4;
    %load/vec4 v0x56513f89c980_0;
    %load/vec4 v0x56513f89d010_0;
    %cmp/e;
    %flag_or 4, 8;
    %jmp/0xz  T_4.2, 4;
    %pushi/vec4 0, 0, 32;
    %assign/vec4 v0x56513f89c980_0, 0;
    %jmp T_4.3;
T_4.2 ;
    %load/vec4 v0x56513f89c980_0;
    %addi 1, 0, 32;
    %assign/vec4 v0x56513f89c980_0, 0;
T_4.3 ;
T_4.1 ;
    %jmp T_4;
    .thread T_4;
    .scope S_0x56513f8a0880;
T_5 ;
    %wait E_0x56513f85ddd0;
    %load/vec4 v0x56513f89db50_0;
    %cmpi/e 1, 0, 1;
    %jmp/0xz  T_5.0, 4;
    %pushi/vec4 0, 0, 1;
    %assign/vec4 v0x56513f89c280_0, 0;
    %jmp T_5.1;
T_5.0 ;
    %load/vec4 v0x56513f8c0b90_0;
    %cmpi/e 1, 0, 1;
    %jmp/0xz  T_5.2, 4;
    %pushi/vec4 1, 0, 1;
    %assign/vec4 v0x56513f89c280_0, 0;
    %jmp T_5.3;
T_5.2 ;
    %load/vec4 v0x56513f89c980_0;
    %load/vec4 v0x56513f89d010_0;
    %cmp/e;
    %jmp/0xz  T_5.4, 4;
    %load/vec4 v0x56513f89c280_0;
    %inv;
    %assign/vec4 v0x56513f89c280_0, 0;
    %jmp T_5.5;
T_5.4 ;
    %load/vec4 v0x56513f89c280_0;
    %assign/vec4 v0x56513f89c280_0, 0;
T_5.5 ;
T_5.3 ;
T_5.1 ;
    %jmp T_5;
    .thread T_5;
    .scope S_0x56513f8a0660;
T_6 ;
    %delay 5, 0;
    %load/vec4 v0x56513f8c0cd0_0;
    %inv;
    %store/vec4 v0x56513f8c0cd0_0, 0, 1;
    %jmp T_6;
    .thread T_6;
    .scope S_0x56513f8a0660;
T_7 ;
    %vpi_call 2 16 "$dumpfile", "led_flash_tb.vcd" {0 0 0};
    %vpi_call 2 17 "$dumpvars", 32'sb00000000000000000000000000000000, S_0x56513f8a0660 {0 0 0};
    %pushi/vec4 0, 0, 1;
    %store/vec4 v0x56513f8c0cd0_0, 0, 1;
    %pushi/vec4 0, 0, 1;
    %store/vec4 v0x56513f8c0e10_0, 0, 1;
    %delay 10, 0;
    %pushi/vec4 1, 0, 1;
    %store/vec4 v0x56513f8c0e10_0, 0, 1;
    %delay 10, 0;
    %pushi/vec4 0, 0, 1;
    %store/vec4 v0x56513f8c0e10_0, 0, 1;
    %delay 10, 0;
    %pushi/vec4 1, 0, 1;
    %store/vec4 v0x56513f8c0e10_0, 0, 1;
    %delay 100, 0;
    %pushi/vec4 0, 0, 1;
    %store/vec4 v0x56513f8c0e10_0, 0, 1;
    %delay 50, 0;
    %pushi/vec4 1, 0, 1;
    %store/vec4 v0x56513f8c0e10_0, 0, 1;
    %delay 10000000, 0;
    %vpi_call 2 26 "$finish" {0 0 0};
    %end;
    .thread T_7;
# The file index is used to find the file name in the following table.
:file_names 4;
    "N/A";
    "<interactive>";
    "led_flash_tb.v";
    "led_flash.v";
