#! /usr/bin/vvp
:ivl_version "10.1 (stable)";
:ivl_delay_selection "TYPICAL";
:vpi_time_precision - 12;
:vpi_module "system";
:vpi_module "vhdl_sys";
:vpi_module "v2005_math";
:vpi_module "va_math";
S_0x562146667810 .scope module, "aes_tb" "aes_tb" 2 5;
 .timescale -9 -12;
P_0x56214665f210 .param/l "c_CLOCK_PERIOD_NS" 0 2 8, +C4<00000000000000000000000001100100>;
v0x5621466bb490_0 .var "r_clock", 0 0;
v0x5621466bb550_0 .var "r_key", 0 127;
v0x5621466bb610_0 .var "r_plain", 0 127;
L_0x7f179b0da018 .functor BUFT 1, C4<00000000000000000000000000000000000000000000000000000000000000000000000000000000000000000000000000000000000000000000000000000000>, C4<0>, C4<0>, C4<0>;
v0x5621466bb6e0_0 .net "w_cipher", 0 127, L_0x7f179b0da018;  1 drivers
S_0x562146665d10 .scope module, "aes_top_inst" "aes_top" 2 15, 3 4 0, S_0x562146667810;
 .timescale -9 -12;
    .port_info 0 /INPUT 1 "i_clock"
    .port_info 1 /INPUT 128 "i_plain"
    .port_info 2 /INPUT 128 "i_key"
    .port_info 3 /OUTPUT 128 "o_cipher"
P_0x562146667c70 .param/l "s_ADD_ROUND_KEY" 0 3 16, C4<101>;
P_0x562146667cb0 .param/l "s_INIT" 0 3 11, C4<000>;
P_0x562146667cf0 .param/l "s_LOAD_INPUT" 0 3 12, C4<001>;
P_0x562146667d30 .param/l "s_MIX_COLUMNS" 0 3 15, C4<100>;
P_0x562146667d70 .param/l "s_SHIFT_ROWS" 0 3 14, C4<011>;
P_0x562146667db0 .param/l "s_SUB_BYTES" 0 3 13, C4<010>;
v0x5621466ba270_0 .array/port v0x5621466ba270, 0;
L_0x562146645c50 .functor BUFZ 8, v0x5621466ba270_0, C4<00000000>, C4<00000000>, C4<00000000>;
v0x5621466ba270_1 .array/port v0x5621466ba270, 1;
L_0x562146645b40 .functor BUFZ 8, v0x5621466ba270_1, C4<00000000>, C4<00000000>, C4<00000000>;
v0x5621466ba270_2 .array/port v0x5621466ba270, 2;
L_0x562146645a30 .functor BUFZ 8, v0x5621466ba270_2, C4<00000000>, C4<00000000>, C4<00000000>;
v0x5621466ba270_3 .array/port v0x5621466ba270, 3;
L_0x5621466544d0 .functor BUFZ 8, v0x5621466ba270_3, C4<00000000>, C4<00000000>, C4<00000000>;
v0x5621466ba270_4 .array/port v0x5621466ba270, 4;
L_0x5621466ccef0 .functor BUFZ 8, v0x5621466ba270_4, C4<00000000>, C4<00000000>, C4<00000000>;
v0x5621466ba270_5 .array/port v0x5621466ba270, 5;
L_0x5621466ccfc0 .functor BUFZ 8, v0x5621466ba270_5, C4<00000000>, C4<00000000>, C4<00000000>;
v0x5621466ba270_6 .array/port v0x5621466ba270, 6;
L_0x5621466cd0d0 .functor BUFZ 8, v0x5621466ba270_6, C4<00000000>, C4<00000000>, C4<00000000>;
v0x5621466ba270_7 .array/port v0x5621466ba270, 7;
L_0x5621466cd170 .functor BUFZ 8, v0x5621466ba270_7, C4<00000000>, C4<00000000>, C4<00000000>;
v0x5621466ba270_8 .array/port v0x5621466ba270, 8;
L_0x5621466cd290 .functor BUFZ 8, v0x5621466ba270_8, C4<00000000>, C4<00000000>, C4<00000000>;
v0x5621466ba270_9 .array/port v0x5621466ba270, 9;
L_0x5621466cd360 .functor BUFZ 8, v0x5621466ba270_9, C4<00000000>, C4<00000000>, C4<00000000>;
v0x5621466ba270_10 .array/port v0x5621466ba270, 10;
L_0x5621466cd490 .functor BUFZ 8, v0x5621466ba270_10, C4<00000000>, C4<00000000>, C4<00000000>;
v0x5621466ba270_11 .array/port v0x5621466ba270, 11;
L_0x5621466ce600 .functor BUFZ 8, v0x5621466ba270_11, C4<00000000>, C4<00000000>, C4<00000000>;
v0x5621466ba270_12 .array/port v0x5621466ba270, 12;
L_0x5621466ce740 .functor BUFZ 8, v0x5621466ba270_12, C4<00000000>, C4<00000000>, C4<00000000>;
v0x5621466ba270_13 .array/port v0x5621466ba270, 13;
L_0x5621466ce810 .functor BUFZ 8, v0x5621466ba270_13, C4<00000000>, C4<00000000>, C4<00000000>;
v0x5621466ba270_14 .array/port v0x5621466ba270, 14;
L_0x5621466ce6d0 .functor BUFZ 8, v0x5621466ba270_14, C4<00000000>, C4<00000000>, C4<00000000>;
v0x5621466ba270_15 .array/port v0x5621466ba270, 15;
L_0x5621466ce9c0 .functor BUFZ 8, v0x5621466ba270_15, C4<00000000>, C4<00000000>, C4<00000000>;
v0x5621466b9bd0_0 .var "clock_counter", 0 2;
v0x5621466b9cd0_0 .net "i_clock", 0 0, v0x5621466bb490_0;  1 drivers
v0x5621466b9d90_0 .net "i_key", 0 127, v0x5621466bb550_0;  1 drivers
v0x5621466b9e30_0 .net "i_plain", 0 127, v0x5621466bb610_0;  1 drivers
v0x5621466b9ef0_0 .net "o_cipher", 0 127, L_0x7f179b0da018;  alias, 1 drivers
v0x5621466ba020_0 .var "r_data", 0 127;
v0x5621466ba0e0_0 .var "r_sm_main", 2 0;
v0x5621466ba1a0_0 .var "r_sub_bytes_active", 0 0;
v0x5621466ba270 .array "state", 15 0, 0 7;
v0x5621466ba510_0 .net "state_0", 0 7, L_0x562146645c50;  1 drivers
v0x5621466ba5f0_0 .net "state_1", 0 7, L_0x562146645b40;  1 drivers
v0x5621466ba6d0_0 .net "state_10", 0 7, L_0x5621466cd490;  1 drivers
v0x5621466ba7b0_0 .net "state_11", 0 7, L_0x5621466ce600;  1 drivers
v0x5621466ba890_0 .net "state_12", 0 7, L_0x5621466ce740;  1 drivers
v0x5621466ba970_0 .net "state_13", 0 7, L_0x5621466ce810;  1 drivers
v0x5621466baa50_0 .net "state_14", 0 7, L_0x5621466ce6d0;  1 drivers
v0x5621466bab30_0 .net "state_15", 0 7, L_0x5621466ce9c0;  1 drivers
v0x5621466bac10_0 .net "state_2", 0 7, L_0x562146645a30;  1 drivers
v0x5621466bacf0_0 .net "state_3", 0 7, L_0x5621466544d0;  1 drivers
v0x5621466badd0_0 .net "state_4", 0 7, L_0x5621466ccef0;  1 drivers
v0x5621466baeb0_0 .net "state_5", 0 7, L_0x5621466ccfc0;  1 drivers
v0x5621466baf90_0 .net "state_6", 0 7, L_0x5621466cd0d0;  1 drivers
v0x5621466bb070_0 .net "state_7", 0 7, L_0x5621466cd170;  1 drivers
v0x5621466bb150_0 .net "state_8", 0 7, L_0x5621466cd290;  1 drivers
v0x5621466bb230_0 .net "state_9", 0 7, L_0x5621466cd360;  1 drivers
v0x5621466bb310_0 .net "w_data_o_sub_byte", 0 127, L_0x562146645920;  1 drivers
E_0x5621465d9d70 .event edge, v0x5621466adeb0_0;
S_0x562146666190 .scope module, "sub_bytes" "SubBytes" 3 26, 4 1 0, S_0x562146665d10;
 .timescale -9 -12;
    .port_info 0 /INPUT 1 "i_clock"
    .port_info 1 /INPUT 128 "i_data"
    .port_info 2 /INPUT 1 "i_active"
    .port_info 3 /OUTPUT 128 "o_data"
L_0x562146645920 .functor BUFZ 128, v0x5621466ad790_0, C4<00000000000000000000000000000000000000000000000000000000000000000000000000000000000000000000000000000000000000000000000000000000>, C4<00000000000000000000000000000000000000000000000000000000000000000000000000000000000000000000000000000000000000000000000000000000>, C4<00000000000000000000000000000000000000000000000000000000000000000000000000000000000000000000000000000000000000000000000000000000>;
v0x5621466b6ef0_0 .net "i_active", 0 0, v0x5621466ba1a0_0;  1 drivers
v0x5621466b25d0_0 .net "i_clock", 0 0, v0x5621466bb490_0;  alias, 1 drivers
v0x5621466adeb0_0 .net "i_data", 0 127, v0x5621466ba020_0;  1 drivers
v0x5621466adf70_0 .net "o_data", 0 127, L_0x562146645920;  alias, 1 drivers
v0x5621466ad790_0 .var "r_data", 0 127;
L_0x7f179b0da060 .functor BUFT 1, C4<01100011>, C4<0>, C4<0>, C4<0>;
v0x5621466ad070 .array "sbox", 255 0;
v0x5621466ad070_0 .net v0x5621466ad070 0, 0 7, L_0x7f179b0da060; 1 drivers
L_0x7f179b0da0a8 .functor BUFT 1, C4<01111100>, C4<0>, C4<0>, C4<0>;
v0x5621466ad070_1 .net v0x5621466ad070 1, 0 7, L_0x7f179b0da0a8; 1 drivers
L_0x7f179b0da0f0 .functor BUFT 1, C4<01110111>, C4<0>, C4<0>, C4<0>;
v0x5621466ad070_2 .net v0x5621466ad070 2, 0 7, L_0x7f179b0da0f0; 1 drivers
L_0x7f179b0da138 .functor BUFT 1, C4<01111011>, C4<0>, C4<0>, C4<0>;
v0x5621466ad070_3 .net v0x5621466ad070 3, 0 7, L_0x7f179b0da138; 1 drivers
L_0x7f179b0da180 .functor BUFT 1, C4<11110010>, C4<0>, C4<0>, C4<0>;
v0x5621466ad070_4 .net v0x5621466ad070 4, 0 7, L_0x7f179b0da180; 1 drivers
L_0x7f179b0da1c8 .functor BUFT 1, C4<01101011>, C4<0>, C4<0>, C4<0>;
v0x5621466ad070_5 .net v0x5621466ad070 5, 0 7, L_0x7f179b0da1c8; 1 drivers
L_0x7f179b0da210 .functor BUFT 1, C4<01101111>, C4<0>, C4<0>, C4<0>;
v0x5621466ad070_6 .net v0x5621466ad070 6, 0 7, L_0x7f179b0da210; 1 drivers
L_0x7f179b0da258 .functor BUFT 1, C4<11000101>, C4<0>, C4<0>, C4<0>;
v0x5621466ad070_7 .net v0x5621466ad070 7, 0 7, L_0x7f179b0da258; 1 drivers
L_0x7f179b0da2a0 .functor BUFT 1, C4<00110000>, C4<0>, C4<0>, C4<0>;
v0x5621466ad070_8 .net v0x5621466ad070 8, 0 7, L_0x7f179b0da2a0; 1 drivers
L_0x7f179b0da2e8 .functor BUFT 1, C4<00000001>, C4<0>, C4<0>, C4<0>;
v0x5621466ad070_9 .net v0x5621466ad070 9, 0 7, L_0x7f179b0da2e8; 1 drivers
L_0x7f179b0da330 .functor BUFT 1, C4<01100111>, C4<0>, C4<0>, C4<0>;
v0x5621466ad070_10 .net v0x5621466ad070 10, 0 7, L_0x7f179b0da330; 1 drivers
L_0x7f179b0da378 .functor BUFT 1, C4<00101011>, C4<0>, C4<0>, C4<0>;
v0x5621466ad070_11 .net v0x5621466ad070 11, 0 7, L_0x7f179b0da378; 1 drivers
L_0x7f179b0da3c0 .functor BUFT 1, C4<11111110>, C4<0>, C4<0>, C4<0>;
v0x5621466ad070_12 .net v0x5621466ad070 12, 0 7, L_0x7f179b0da3c0; 1 drivers
L_0x7f179b0da408 .functor BUFT 1, C4<11010111>, C4<0>, C4<0>, C4<0>;
v0x5621466ad070_13 .net v0x5621466ad070 13, 0 7, L_0x7f179b0da408; 1 drivers
L_0x7f179b0da450 .functor BUFT 1, C4<10101011>, C4<0>, C4<0>, C4<0>;
v0x5621466ad070_14 .net v0x5621466ad070 14, 0 7, L_0x7f179b0da450; 1 drivers
L_0x7f179b0da498 .functor BUFT 1, C4<01110110>, C4<0>, C4<0>, C4<0>;
v0x5621466ad070_15 .net v0x5621466ad070 15, 0 7, L_0x7f179b0da498; 1 drivers
L_0x7f179b0da4e0 .functor BUFT 1, C4<11001010>, C4<0>, C4<0>, C4<0>;
v0x5621466ad070_16 .net v0x5621466ad070 16, 0 7, L_0x7f179b0da4e0; 1 drivers
L_0x7f179b0da528 .functor BUFT 1, C4<10000010>, C4<0>, C4<0>, C4<0>;
v0x5621466ad070_17 .net v0x5621466ad070 17, 0 7, L_0x7f179b0da528; 1 drivers
L_0x7f179b0da570 .functor BUFT 1, C4<11001001>, C4<0>, C4<0>, C4<0>;
v0x5621466ad070_18 .net v0x5621466ad070 18, 0 7, L_0x7f179b0da570; 1 drivers
L_0x7f179b0da5b8 .functor BUFT 1, C4<01111101>, C4<0>, C4<0>, C4<0>;
v0x5621466ad070_19 .net v0x5621466ad070 19, 0 7, L_0x7f179b0da5b8; 1 drivers
L_0x7f179b0da600 .functor BUFT 1, C4<11111010>, C4<0>, C4<0>, C4<0>;
v0x5621466ad070_20 .net v0x5621466ad070 20, 0 7, L_0x7f179b0da600; 1 drivers
L_0x7f179b0da648 .functor BUFT 1, C4<01011001>, C4<0>, C4<0>, C4<0>;
v0x5621466ad070_21 .net v0x5621466ad070 21, 0 7, L_0x7f179b0da648; 1 drivers
L_0x7f179b0da690 .functor BUFT 1, C4<01000111>, C4<0>, C4<0>, C4<0>;
v0x5621466ad070_22 .net v0x5621466ad070 22, 0 7, L_0x7f179b0da690; 1 drivers
L_0x7f179b0da6d8 .functor BUFT 1, C4<11110000>, C4<0>, C4<0>, C4<0>;
v0x5621466ad070_23 .net v0x5621466ad070 23, 0 7, L_0x7f179b0da6d8; 1 drivers
L_0x7f179b0da720 .functor BUFT 1, C4<10101101>, C4<0>, C4<0>, C4<0>;
v0x5621466ad070_24 .net v0x5621466ad070 24, 0 7, L_0x7f179b0da720; 1 drivers
L_0x7f179b0da768 .functor BUFT 1, C4<11010100>, C4<0>, C4<0>, C4<0>;
v0x5621466ad070_25 .net v0x5621466ad070 25, 0 7, L_0x7f179b0da768; 1 drivers
L_0x7f179b0da7b0 .functor BUFT 1, C4<10100010>, C4<0>, C4<0>, C4<0>;
v0x5621466ad070_26 .net v0x5621466ad070 26, 0 7, L_0x7f179b0da7b0; 1 drivers
L_0x7f179b0da7f8 .functor BUFT 1, C4<10101111>, C4<0>, C4<0>, C4<0>;
v0x5621466ad070_27 .net v0x5621466ad070 27, 0 7, L_0x7f179b0da7f8; 1 drivers
L_0x7f179b0da840 .functor BUFT 1, C4<10011100>, C4<0>, C4<0>, C4<0>;
v0x5621466ad070_28 .net v0x5621466ad070 28, 0 7, L_0x7f179b0da840; 1 drivers
L_0x7f179b0da888 .functor BUFT 1, C4<10100100>, C4<0>, C4<0>, C4<0>;
v0x5621466ad070_29 .net v0x5621466ad070 29, 0 7, L_0x7f179b0da888; 1 drivers
L_0x7f179b0da8d0 .functor BUFT 1, C4<01110010>, C4<0>, C4<0>, C4<0>;
v0x5621466ad070_30 .net v0x5621466ad070 30, 0 7, L_0x7f179b0da8d0; 1 drivers
L_0x7f179b0da918 .functor BUFT 1, C4<11000000>, C4<0>, C4<0>, C4<0>;
v0x5621466ad070_31 .net v0x5621466ad070 31, 0 7, L_0x7f179b0da918; 1 drivers
L_0x7f179b0da960 .functor BUFT 1, C4<10110111>, C4<0>, C4<0>, C4<0>;
v0x5621466ad070_32 .net v0x5621466ad070 32, 0 7, L_0x7f179b0da960; 1 drivers
L_0x7f179b0da9a8 .functor BUFT 1, C4<11111101>, C4<0>, C4<0>, C4<0>;
v0x5621466ad070_33 .net v0x5621466ad070 33, 0 7, L_0x7f179b0da9a8; 1 drivers
L_0x7f179b0da9f0 .functor BUFT 1, C4<10010011>, C4<0>, C4<0>, C4<0>;
v0x5621466ad070_34 .net v0x5621466ad070 34, 0 7, L_0x7f179b0da9f0; 1 drivers
L_0x7f179b0daa38 .functor BUFT 1, C4<00100110>, C4<0>, C4<0>, C4<0>;
v0x5621466ad070_35 .net v0x5621466ad070 35, 0 7, L_0x7f179b0daa38; 1 drivers
L_0x7f179b0daa80 .functor BUFT 1, C4<00110110>, C4<0>, C4<0>, C4<0>;
v0x5621466ad070_36 .net v0x5621466ad070 36, 0 7, L_0x7f179b0daa80; 1 drivers
L_0x7f179b0daac8 .functor BUFT 1, C4<00111111>, C4<0>, C4<0>, C4<0>;
v0x5621466ad070_37 .net v0x5621466ad070 37, 0 7, L_0x7f179b0daac8; 1 drivers
L_0x7f179b0dab10 .functor BUFT 1, C4<11110111>, C4<0>, C4<0>, C4<0>;
v0x5621466ad070_38 .net v0x5621466ad070 38, 0 7, L_0x7f179b0dab10; 1 drivers
L_0x7f179b0dab58 .functor BUFT 1, C4<11001100>, C4<0>, C4<0>, C4<0>;
v0x5621466ad070_39 .net v0x5621466ad070 39, 0 7, L_0x7f179b0dab58; 1 drivers
L_0x7f179b0daba0 .functor BUFT 1, C4<00110100>, C4<0>, C4<0>, C4<0>;
v0x5621466ad070_40 .net v0x5621466ad070 40, 0 7, L_0x7f179b0daba0; 1 drivers
L_0x7f179b0dabe8 .functor BUFT 1, C4<10100101>, C4<0>, C4<0>, C4<0>;
v0x5621466ad070_41 .net v0x5621466ad070 41, 0 7, L_0x7f179b0dabe8; 1 drivers
L_0x7f179b0dac30 .functor BUFT 1, C4<11100101>, C4<0>, C4<0>, C4<0>;
v0x5621466ad070_42 .net v0x5621466ad070 42, 0 7, L_0x7f179b0dac30; 1 drivers
L_0x7f179b0dac78 .functor BUFT 1, C4<11110001>, C4<0>, C4<0>, C4<0>;
v0x5621466ad070_43 .net v0x5621466ad070 43, 0 7, L_0x7f179b0dac78; 1 drivers
L_0x7f179b0dacc0 .functor BUFT 1, C4<01110001>, C4<0>, C4<0>, C4<0>;
v0x5621466ad070_44 .net v0x5621466ad070 44, 0 7, L_0x7f179b0dacc0; 1 drivers
L_0x7f179b0dad08 .functor BUFT 1, C4<11011000>, C4<0>, C4<0>, C4<0>;
v0x5621466ad070_45 .net v0x5621466ad070 45, 0 7, L_0x7f179b0dad08; 1 drivers
L_0x7f179b0dad50 .functor BUFT 1, C4<00110001>, C4<0>, C4<0>, C4<0>;
v0x5621466ad070_46 .net v0x5621466ad070 46, 0 7, L_0x7f179b0dad50; 1 drivers
L_0x7f179b0dad98 .functor BUFT 1, C4<00010101>, C4<0>, C4<0>, C4<0>;
v0x5621466ad070_47 .net v0x5621466ad070 47, 0 7, L_0x7f179b0dad98; 1 drivers
L_0x7f179b0dade0 .functor BUFT 1, C4<00000100>, C4<0>, C4<0>, C4<0>;
v0x5621466ad070_48 .net v0x5621466ad070 48, 0 7, L_0x7f179b0dade0; 1 drivers
L_0x7f179b0dae28 .functor BUFT 1, C4<11000111>, C4<0>, C4<0>, C4<0>;
v0x5621466ad070_49 .net v0x5621466ad070 49, 0 7, L_0x7f179b0dae28; 1 drivers
L_0x7f179b0dae70 .functor BUFT 1, C4<00100011>, C4<0>, C4<0>, C4<0>;
v0x5621466ad070_50 .net v0x5621466ad070 50, 0 7, L_0x7f179b0dae70; 1 drivers
L_0x7f179b0daeb8 .functor BUFT 1, C4<11000011>, C4<0>, C4<0>, C4<0>;
v0x5621466ad070_51 .net v0x5621466ad070 51, 0 7, L_0x7f179b0daeb8; 1 drivers
L_0x7f179b0daf00 .functor BUFT 1, C4<00011000>, C4<0>, C4<0>, C4<0>;
v0x5621466ad070_52 .net v0x5621466ad070 52, 0 7, L_0x7f179b0daf00; 1 drivers
L_0x7f179b0daf48 .functor BUFT 1, C4<10010110>, C4<0>, C4<0>, C4<0>;
v0x5621466ad070_53 .net v0x5621466ad070 53, 0 7, L_0x7f179b0daf48; 1 drivers
L_0x7f179b0daf90 .functor BUFT 1, C4<00000101>, C4<0>, C4<0>, C4<0>;
v0x5621466ad070_54 .net v0x5621466ad070 54, 0 7, L_0x7f179b0daf90; 1 drivers
L_0x7f179b0dafd8 .functor BUFT 1, C4<10011010>, C4<0>, C4<0>, C4<0>;
v0x5621466ad070_55 .net v0x5621466ad070 55, 0 7, L_0x7f179b0dafd8; 1 drivers
L_0x7f179b0db020 .functor BUFT 1, C4<00000111>, C4<0>, C4<0>, C4<0>;
v0x5621466ad070_56 .net v0x5621466ad070 56, 0 7, L_0x7f179b0db020; 1 drivers
L_0x7f179b0db068 .functor BUFT 1, C4<00010010>, C4<0>, C4<0>, C4<0>;
v0x5621466ad070_57 .net v0x5621466ad070 57, 0 7, L_0x7f179b0db068; 1 drivers
L_0x7f179b0db0b0 .functor BUFT 1, C4<10000000>, C4<0>, C4<0>, C4<0>;
v0x5621466ad070_58 .net v0x5621466ad070 58, 0 7, L_0x7f179b0db0b0; 1 drivers
L_0x7f179b0db0f8 .functor BUFT 1, C4<11100010>, C4<0>, C4<0>, C4<0>;
v0x5621466ad070_59 .net v0x5621466ad070 59, 0 7, L_0x7f179b0db0f8; 1 drivers
L_0x7f179b0db140 .functor BUFT 1, C4<11101011>, C4<0>, C4<0>, C4<0>;
v0x5621466ad070_60 .net v0x5621466ad070 60, 0 7, L_0x7f179b0db140; 1 drivers
L_0x7f179b0db188 .functor BUFT 1, C4<00100111>, C4<0>, C4<0>, C4<0>;
v0x5621466ad070_61 .net v0x5621466ad070 61, 0 7, L_0x7f179b0db188; 1 drivers
L_0x7f179b0db1d0 .functor BUFT 1, C4<10110010>, C4<0>, C4<0>, C4<0>;
v0x5621466ad070_62 .net v0x5621466ad070 62, 0 7, L_0x7f179b0db1d0; 1 drivers
L_0x7f179b0db218 .functor BUFT 1, C4<01110101>, C4<0>, C4<0>, C4<0>;
v0x5621466ad070_63 .net v0x5621466ad070 63, 0 7, L_0x7f179b0db218; 1 drivers
L_0x7f179b0db260 .functor BUFT 1, C4<00001001>, C4<0>, C4<0>, C4<0>;
v0x5621466ad070_64 .net v0x5621466ad070 64, 0 7, L_0x7f179b0db260; 1 drivers
L_0x7f179b0db2a8 .functor BUFT 1, C4<10000011>, C4<0>, C4<0>, C4<0>;
v0x5621466ad070_65 .net v0x5621466ad070 65, 0 7, L_0x7f179b0db2a8; 1 drivers
L_0x7f179b0db2f0 .functor BUFT 1, C4<00101100>, C4<0>, C4<0>, C4<0>;
v0x5621466ad070_66 .net v0x5621466ad070 66, 0 7, L_0x7f179b0db2f0; 1 drivers
L_0x7f179b0db338 .functor BUFT 1, C4<00011010>, C4<0>, C4<0>, C4<0>;
v0x5621466ad070_67 .net v0x5621466ad070 67, 0 7, L_0x7f179b0db338; 1 drivers
L_0x7f179b0db380 .functor BUFT 1, C4<00011011>, C4<0>, C4<0>, C4<0>;
v0x5621466ad070_68 .net v0x5621466ad070 68, 0 7, L_0x7f179b0db380; 1 drivers
L_0x7f179b0db3c8 .functor BUFT 1, C4<01101110>, C4<0>, C4<0>, C4<0>;
v0x5621466ad070_69 .net v0x5621466ad070 69, 0 7, L_0x7f179b0db3c8; 1 drivers
L_0x7f179b0db410 .functor BUFT 1, C4<01011010>, C4<0>, C4<0>, C4<0>;
v0x5621466ad070_70 .net v0x5621466ad070 70, 0 7, L_0x7f179b0db410; 1 drivers
L_0x7f179b0db458 .functor BUFT 1, C4<10100000>, C4<0>, C4<0>, C4<0>;
v0x5621466ad070_71 .net v0x5621466ad070 71, 0 7, L_0x7f179b0db458; 1 drivers
L_0x7f179b0db4a0 .functor BUFT 1, C4<01010010>, C4<0>, C4<0>, C4<0>;
v0x5621466ad070_72 .net v0x5621466ad070 72, 0 7, L_0x7f179b0db4a0; 1 drivers
L_0x7f179b0db4e8 .functor BUFT 1, C4<00111011>, C4<0>, C4<0>, C4<0>;
v0x5621466ad070_73 .net v0x5621466ad070 73, 0 7, L_0x7f179b0db4e8; 1 drivers
L_0x7f179b0db530 .functor BUFT 1, C4<11010110>, C4<0>, C4<0>, C4<0>;
v0x5621466ad070_74 .net v0x5621466ad070 74, 0 7, L_0x7f179b0db530; 1 drivers
L_0x7f179b0db578 .functor BUFT 1, C4<10110011>, C4<0>, C4<0>, C4<0>;
v0x5621466ad070_75 .net v0x5621466ad070 75, 0 7, L_0x7f179b0db578; 1 drivers
L_0x7f179b0db5c0 .functor BUFT 1, C4<00101001>, C4<0>, C4<0>, C4<0>;
v0x5621466ad070_76 .net v0x5621466ad070 76, 0 7, L_0x7f179b0db5c0; 1 drivers
L_0x7f179b0db608 .functor BUFT 1, C4<11100011>, C4<0>, C4<0>, C4<0>;
v0x5621466ad070_77 .net v0x5621466ad070 77, 0 7, L_0x7f179b0db608; 1 drivers
L_0x7f179b0db650 .functor BUFT 1, C4<00101111>, C4<0>, C4<0>, C4<0>;
v0x5621466ad070_78 .net v0x5621466ad070 78, 0 7, L_0x7f179b0db650; 1 drivers
L_0x7f179b0db698 .functor BUFT 1, C4<10000100>, C4<0>, C4<0>, C4<0>;
v0x5621466ad070_79 .net v0x5621466ad070 79, 0 7, L_0x7f179b0db698; 1 drivers
L_0x7f179b0db6e0 .functor BUFT 1, C4<01010011>, C4<0>, C4<0>, C4<0>;
v0x5621466ad070_80 .net v0x5621466ad070 80, 0 7, L_0x7f179b0db6e0; 1 drivers
L_0x7f179b0db728 .functor BUFT 1, C4<11010001>, C4<0>, C4<0>, C4<0>;
v0x5621466ad070_81 .net v0x5621466ad070 81, 0 7, L_0x7f179b0db728; 1 drivers
L_0x7f179b0db770 .functor BUFT 1, C4<00000000>, C4<0>, C4<0>, C4<0>;
v0x5621466ad070_82 .net v0x5621466ad070 82, 0 7, L_0x7f179b0db770; 1 drivers
L_0x7f179b0db7b8 .functor BUFT 1, C4<11101101>, C4<0>, C4<0>, C4<0>;
v0x5621466ad070_83 .net v0x5621466ad070 83, 0 7, L_0x7f179b0db7b8; 1 drivers
L_0x7f179b0db800 .functor BUFT 1, C4<00100000>, C4<0>, C4<0>, C4<0>;
v0x5621466ad070_84 .net v0x5621466ad070 84, 0 7, L_0x7f179b0db800; 1 drivers
L_0x7f179b0db848 .functor BUFT 1, C4<11111100>, C4<0>, C4<0>, C4<0>;
v0x5621466ad070_85 .net v0x5621466ad070 85, 0 7, L_0x7f179b0db848; 1 drivers
L_0x7f179b0db890 .functor BUFT 1, C4<10110001>, C4<0>, C4<0>, C4<0>;
v0x5621466ad070_86 .net v0x5621466ad070 86, 0 7, L_0x7f179b0db890; 1 drivers
L_0x7f179b0db8d8 .functor BUFT 1, C4<01011011>, C4<0>, C4<0>, C4<0>;
v0x5621466ad070_87 .net v0x5621466ad070 87, 0 7, L_0x7f179b0db8d8; 1 drivers
L_0x7f179b0db920 .functor BUFT 1, C4<01101010>, C4<0>, C4<0>, C4<0>;
v0x5621466ad070_88 .net v0x5621466ad070 88, 0 7, L_0x7f179b0db920; 1 drivers
L_0x7f179b0db968 .functor BUFT 1, C4<11001011>, C4<0>, C4<0>, C4<0>;
v0x5621466ad070_89 .net v0x5621466ad070 89, 0 7, L_0x7f179b0db968; 1 drivers
L_0x7f179b0db9b0 .functor BUFT 1, C4<10111110>, C4<0>, C4<0>, C4<0>;
v0x5621466ad070_90 .net v0x5621466ad070 90, 0 7, L_0x7f179b0db9b0; 1 drivers
L_0x7f179b0db9f8 .functor BUFT 1, C4<00111001>, C4<0>, C4<0>, C4<0>;
v0x5621466ad070_91 .net v0x5621466ad070 91, 0 7, L_0x7f179b0db9f8; 1 drivers
L_0x7f179b0dba40 .functor BUFT 1, C4<01001010>, C4<0>, C4<0>, C4<0>;
v0x5621466ad070_92 .net v0x5621466ad070 92, 0 7, L_0x7f179b0dba40; 1 drivers
L_0x7f179b0dba88 .functor BUFT 1, C4<01001100>, C4<0>, C4<0>, C4<0>;
v0x5621466ad070_93 .net v0x5621466ad070 93, 0 7, L_0x7f179b0dba88; 1 drivers
L_0x7f179b0dbad0 .functor BUFT 1, C4<01011000>, C4<0>, C4<0>, C4<0>;
v0x5621466ad070_94 .net v0x5621466ad070 94, 0 7, L_0x7f179b0dbad0; 1 drivers
L_0x7f179b0dbb18 .functor BUFT 1, C4<11001111>, C4<0>, C4<0>, C4<0>;
v0x5621466ad070_95 .net v0x5621466ad070 95, 0 7, L_0x7f179b0dbb18; 1 drivers
L_0x7f179b0dbb60 .functor BUFT 1, C4<11010000>, C4<0>, C4<0>, C4<0>;
v0x5621466ad070_96 .net v0x5621466ad070 96, 0 7, L_0x7f179b0dbb60; 1 drivers
L_0x7f179b0dbba8 .functor BUFT 1, C4<11101111>, C4<0>, C4<0>, C4<0>;
v0x5621466ad070_97 .net v0x5621466ad070 97, 0 7, L_0x7f179b0dbba8; 1 drivers
L_0x7f179b0dbbf0 .functor BUFT 1, C4<10101010>, C4<0>, C4<0>, C4<0>;
v0x5621466ad070_98 .net v0x5621466ad070 98, 0 7, L_0x7f179b0dbbf0; 1 drivers
L_0x7f179b0dbc38 .functor BUFT 1, C4<11111011>, C4<0>, C4<0>, C4<0>;
v0x5621466ad070_99 .net v0x5621466ad070 99, 0 7, L_0x7f179b0dbc38; 1 drivers
L_0x7f179b0dbc80 .functor BUFT 1, C4<01000011>, C4<0>, C4<0>, C4<0>;
v0x5621466ad070_100 .net v0x5621466ad070 100, 0 7, L_0x7f179b0dbc80; 1 drivers
L_0x7f179b0dbcc8 .functor BUFT 1, C4<01001101>, C4<0>, C4<0>, C4<0>;
v0x5621466ad070_101 .net v0x5621466ad070 101, 0 7, L_0x7f179b0dbcc8; 1 drivers
L_0x7f179b0dbd10 .functor BUFT 1, C4<00110011>, C4<0>, C4<0>, C4<0>;
v0x5621466ad070_102 .net v0x5621466ad070 102, 0 7, L_0x7f179b0dbd10; 1 drivers
L_0x7f179b0dbd58 .functor BUFT 1, C4<10000101>, C4<0>, C4<0>, C4<0>;
v0x5621466ad070_103 .net v0x5621466ad070 103, 0 7, L_0x7f179b0dbd58; 1 drivers
L_0x7f179b0dbda0 .functor BUFT 1, C4<01000101>, C4<0>, C4<0>, C4<0>;
v0x5621466ad070_104 .net v0x5621466ad070 104, 0 7, L_0x7f179b0dbda0; 1 drivers
L_0x7f179b0dbde8 .functor BUFT 1, C4<11111001>, C4<0>, C4<0>, C4<0>;
v0x5621466ad070_105 .net v0x5621466ad070 105, 0 7, L_0x7f179b0dbde8; 1 drivers
L_0x7f179b0dbe30 .functor BUFT 1, C4<00000010>, C4<0>, C4<0>, C4<0>;
v0x5621466ad070_106 .net v0x5621466ad070 106, 0 7, L_0x7f179b0dbe30; 1 drivers
L_0x7f179b0dbe78 .functor BUFT 1, C4<01111111>, C4<0>, C4<0>, C4<0>;
v0x5621466ad070_107 .net v0x5621466ad070 107, 0 7, L_0x7f179b0dbe78; 1 drivers
L_0x7f179b0dbec0 .functor BUFT 1, C4<01010000>, C4<0>, C4<0>, C4<0>;
v0x5621466ad070_108 .net v0x5621466ad070 108, 0 7, L_0x7f179b0dbec0; 1 drivers
L_0x7f179b0dbf08 .functor BUFT 1, C4<00111100>, C4<0>, C4<0>, C4<0>;
v0x5621466ad070_109 .net v0x5621466ad070 109, 0 7, L_0x7f179b0dbf08; 1 drivers
L_0x7f179b0dbf50 .functor BUFT 1, C4<10011111>, C4<0>, C4<0>, C4<0>;
v0x5621466ad070_110 .net v0x5621466ad070 110, 0 7, L_0x7f179b0dbf50; 1 drivers
L_0x7f179b0dbf98 .functor BUFT 1, C4<10101000>, C4<0>, C4<0>, C4<0>;
v0x5621466ad070_111 .net v0x5621466ad070 111, 0 7, L_0x7f179b0dbf98; 1 drivers
L_0x7f179b0dbfe0 .functor BUFT 1, C4<01010001>, C4<0>, C4<0>, C4<0>;
v0x5621466ad070_112 .net v0x5621466ad070 112, 0 7, L_0x7f179b0dbfe0; 1 drivers
L_0x7f179b0dc028 .functor BUFT 1, C4<10100011>, C4<0>, C4<0>, C4<0>;
v0x5621466ad070_113 .net v0x5621466ad070 113, 0 7, L_0x7f179b0dc028; 1 drivers
L_0x7f179b0dc070 .functor BUFT 1, C4<01000000>, C4<0>, C4<0>, C4<0>;
v0x5621466ad070_114 .net v0x5621466ad070 114, 0 7, L_0x7f179b0dc070; 1 drivers
L_0x7f179b0dc0b8 .functor BUFT 1, C4<10001111>, C4<0>, C4<0>, C4<0>;
v0x5621466ad070_115 .net v0x5621466ad070 115, 0 7, L_0x7f179b0dc0b8; 1 drivers
L_0x7f179b0dc100 .functor BUFT 1, C4<10010010>, C4<0>, C4<0>, C4<0>;
v0x5621466ad070_116 .net v0x5621466ad070 116, 0 7, L_0x7f179b0dc100; 1 drivers
L_0x7f179b0dc148 .functor BUFT 1, C4<10011101>, C4<0>, C4<0>, C4<0>;
v0x5621466ad070_117 .net v0x5621466ad070 117, 0 7, L_0x7f179b0dc148; 1 drivers
L_0x7f179b0dc190 .functor BUFT 1, C4<00111000>, C4<0>, C4<0>, C4<0>;
v0x5621466ad070_118 .net v0x5621466ad070 118, 0 7, L_0x7f179b0dc190; 1 drivers
L_0x7f179b0dc1d8 .functor BUFT 1, C4<11110101>, C4<0>, C4<0>, C4<0>;
v0x5621466ad070_119 .net v0x5621466ad070 119, 0 7, L_0x7f179b0dc1d8; 1 drivers
L_0x7f179b0dc220 .functor BUFT 1, C4<10111100>, C4<0>, C4<0>, C4<0>;
v0x5621466ad070_120 .net v0x5621466ad070 120, 0 7, L_0x7f179b0dc220; 1 drivers
L_0x7f179b0dc268 .functor BUFT 1, C4<10110110>, C4<0>, C4<0>, C4<0>;
v0x5621466ad070_121 .net v0x5621466ad070 121, 0 7, L_0x7f179b0dc268; 1 drivers
L_0x7f179b0dc2b0 .functor BUFT 1, C4<11011010>, C4<0>, C4<0>, C4<0>;
v0x5621466ad070_122 .net v0x5621466ad070 122, 0 7, L_0x7f179b0dc2b0; 1 drivers
L_0x7f179b0dc2f8 .functor BUFT 1, C4<00100001>, C4<0>, C4<0>, C4<0>;
v0x5621466ad070_123 .net v0x5621466ad070 123, 0 7, L_0x7f179b0dc2f8; 1 drivers
L_0x7f179b0dc340 .functor BUFT 1, C4<00010000>, C4<0>, C4<0>, C4<0>;
v0x5621466ad070_124 .net v0x5621466ad070 124, 0 7, L_0x7f179b0dc340; 1 drivers
L_0x7f179b0dc388 .functor BUFT 1, C4<11111111>, C4<0>, C4<0>, C4<0>;
v0x5621466ad070_125 .net v0x5621466ad070 125, 0 7, L_0x7f179b0dc388; 1 drivers
L_0x7f179b0dc3d0 .functor BUFT 1, C4<11110011>, C4<0>, C4<0>, C4<0>;
v0x5621466ad070_126 .net v0x5621466ad070 126, 0 7, L_0x7f179b0dc3d0; 1 drivers
L_0x7f179b0dc418 .functor BUFT 1, C4<11010010>, C4<0>, C4<0>, C4<0>;
v0x5621466ad070_127 .net v0x5621466ad070 127, 0 7, L_0x7f179b0dc418; 1 drivers
L_0x7f179b0dc460 .functor BUFT 1, C4<11001101>, C4<0>, C4<0>, C4<0>;
v0x5621466ad070_128 .net v0x5621466ad070 128, 0 7, L_0x7f179b0dc460; 1 drivers
L_0x7f179b0dc4a8 .functor BUFT 1, C4<00001100>, C4<0>, C4<0>, C4<0>;
v0x5621466ad070_129 .net v0x5621466ad070 129, 0 7, L_0x7f179b0dc4a8; 1 drivers
L_0x7f179b0dc4f0 .functor BUFT 1, C4<00010011>, C4<0>, C4<0>, C4<0>;
v0x5621466ad070_130 .net v0x5621466ad070 130, 0 7, L_0x7f179b0dc4f0; 1 drivers
L_0x7f179b0dc538 .functor BUFT 1, C4<11101100>, C4<0>, C4<0>, C4<0>;
v0x5621466ad070_131 .net v0x5621466ad070 131, 0 7, L_0x7f179b0dc538; 1 drivers
L_0x7f179b0dc580 .functor BUFT 1, C4<01011111>, C4<0>, C4<0>, C4<0>;
v0x5621466ad070_132 .net v0x5621466ad070 132, 0 7, L_0x7f179b0dc580; 1 drivers
L_0x7f179b0dc5c8 .functor BUFT 1, C4<10010111>, C4<0>, C4<0>, C4<0>;
v0x5621466ad070_133 .net v0x5621466ad070 133, 0 7, L_0x7f179b0dc5c8; 1 drivers
L_0x7f179b0dc610 .functor BUFT 1, C4<01000100>, C4<0>, C4<0>, C4<0>;
v0x5621466ad070_134 .net v0x5621466ad070 134, 0 7, L_0x7f179b0dc610; 1 drivers
L_0x7f179b0dc658 .functor BUFT 1, C4<00010111>, C4<0>, C4<0>, C4<0>;
v0x5621466ad070_135 .net v0x5621466ad070 135, 0 7, L_0x7f179b0dc658; 1 drivers
L_0x7f179b0dc6a0 .functor BUFT 1, C4<11000100>, C4<0>, C4<0>, C4<0>;
v0x5621466ad070_136 .net v0x5621466ad070 136, 0 7, L_0x7f179b0dc6a0; 1 drivers
L_0x7f179b0dc6e8 .functor BUFT 1, C4<10100111>, C4<0>, C4<0>, C4<0>;
v0x5621466ad070_137 .net v0x5621466ad070 137, 0 7, L_0x7f179b0dc6e8; 1 drivers
L_0x7f179b0dc730 .functor BUFT 1, C4<01111110>, C4<0>, C4<0>, C4<0>;
v0x5621466ad070_138 .net v0x5621466ad070 138, 0 7, L_0x7f179b0dc730; 1 drivers
L_0x7f179b0dc778 .functor BUFT 1, C4<00111101>, C4<0>, C4<0>, C4<0>;
v0x5621466ad070_139 .net v0x5621466ad070 139, 0 7, L_0x7f179b0dc778; 1 drivers
L_0x7f179b0dc7c0 .functor BUFT 1, C4<01100100>, C4<0>, C4<0>, C4<0>;
v0x5621466ad070_140 .net v0x5621466ad070 140, 0 7, L_0x7f179b0dc7c0; 1 drivers
L_0x7f179b0dc808 .functor BUFT 1, C4<01011101>, C4<0>, C4<0>, C4<0>;
v0x5621466ad070_141 .net v0x5621466ad070 141, 0 7, L_0x7f179b0dc808; 1 drivers
L_0x7f179b0dc850 .functor BUFT 1, C4<00011001>, C4<0>, C4<0>, C4<0>;
v0x5621466ad070_142 .net v0x5621466ad070 142, 0 7, L_0x7f179b0dc850; 1 drivers
L_0x7f179b0dc898 .functor BUFT 1, C4<01110011>, C4<0>, C4<0>, C4<0>;
v0x5621466ad070_143 .net v0x5621466ad070 143, 0 7, L_0x7f179b0dc898; 1 drivers
L_0x7f179b0dc8e0 .functor BUFT 1, C4<01100000>, C4<0>, C4<0>, C4<0>;
v0x5621466ad070_144 .net v0x5621466ad070 144, 0 7, L_0x7f179b0dc8e0; 1 drivers
L_0x7f179b0dc928 .functor BUFT 1, C4<10000001>, C4<0>, C4<0>, C4<0>;
v0x5621466ad070_145 .net v0x5621466ad070 145, 0 7, L_0x7f179b0dc928; 1 drivers
L_0x7f179b0dc970 .functor BUFT 1, C4<01001111>, C4<0>, C4<0>, C4<0>;
v0x5621466ad070_146 .net v0x5621466ad070 146, 0 7, L_0x7f179b0dc970; 1 drivers
L_0x7f179b0dc9b8 .functor BUFT 1, C4<11011100>, C4<0>, C4<0>, C4<0>;
v0x5621466ad070_147 .net v0x5621466ad070 147, 0 7, L_0x7f179b0dc9b8; 1 drivers
L_0x7f179b0dca00 .functor BUFT 1, C4<00100010>, C4<0>, C4<0>, C4<0>;
v0x5621466ad070_148 .net v0x5621466ad070 148, 0 7, L_0x7f179b0dca00; 1 drivers
L_0x7f179b0dca48 .functor BUFT 1, C4<00101010>, C4<0>, C4<0>, C4<0>;
v0x5621466ad070_149 .net v0x5621466ad070 149, 0 7, L_0x7f179b0dca48; 1 drivers
L_0x7f179b0dca90 .functor BUFT 1, C4<10010000>, C4<0>, C4<0>, C4<0>;
v0x5621466ad070_150 .net v0x5621466ad070 150, 0 7, L_0x7f179b0dca90; 1 drivers
L_0x7f179b0dcad8 .functor BUFT 1, C4<10001000>, C4<0>, C4<0>, C4<0>;
v0x5621466ad070_151 .net v0x5621466ad070 151, 0 7, L_0x7f179b0dcad8; 1 drivers
L_0x7f179b0dcb20 .functor BUFT 1, C4<01000110>, C4<0>, C4<0>, C4<0>;
v0x5621466ad070_152 .net v0x5621466ad070 152, 0 7, L_0x7f179b0dcb20; 1 drivers
L_0x7f179b0dcb68 .functor BUFT 1, C4<11101110>, C4<0>, C4<0>, C4<0>;
v0x5621466ad070_153 .net v0x5621466ad070 153, 0 7, L_0x7f179b0dcb68; 1 drivers
L_0x7f179b0dcbb0 .functor BUFT 1, C4<10111000>, C4<0>, C4<0>, C4<0>;
v0x5621466ad070_154 .net v0x5621466ad070 154, 0 7, L_0x7f179b0dcbb0; 1 drivers
L_0x7f179b0dcbf8 .functor BUFT 1, C4<00010100>, C4<0>, C4<0>, C4<0>;
v0x5621466ad070_155 .net v0x5621466ad070 155, 0 7, L_0x7f179b0dcbf8; 1 drivers
L_0x7f179b0dcc40 .functor BUFT 1, C4<11011110>, C4<0>, C4<0>, C4<0>;
v0x5621466ad070_156 .net v0x5621466ad070 156, 0 7, L_0x7f179b0dcc40; 1 drivers
L_0x7f179b0dcc88 .functor BUFT 1, C4<01011110>, C4<0>, C4<0>, C4<0>;
v0x5621466ad070_157 .net v0x5621466ad070 157, 0 7, L_0x7f179b0dcc88; 1 drivers
L_0x7f179b0dccd0 .functor BUFT 1, C4<00001011>, C4<0>, C4<0>, C4<0>;
v0x5621466ad070_158 .net v0x5621466ad070 158, 0 7, L_0x7f179b0dccd0; 1 drivers
L_0x7f179b0dcd18 .functor BUFT 1, C4<11011011>, C4<0>, C4<0>, C4<0>;
v0x5621466ad070_159 .net v0x5621466ad070 159, 0 7, L_0x7f179b0dcd18; 1 drivers
L_0x7f179b0dcd60 .functor BUFT 1, C4<11100000>, C4<0>, C4<0>, C4<0>;
v0x5621466ad070_160 .net v0x5621466ad070 160, 0 7, L_0x7f179b0dcd60; 1 drivers
L_0x7f179b0dcda8 .functor BUFT 1, C4<00110010>, C4<0>, C4<0>, C4<0>;
v0x5621466ad070_161 .net v0x5621466ad070 161, 0 7, L_0x7f179b0dcda8; 1 drivers
L_0x7f179b0dcdf0 .functor BUFT 1, C4<00111010>, C4<0>, C4<0>, C4<0>;
v0x5621466ad070_162 .net v0x5621466ad070 162, 0 7, L_0x7f179b0dcdf0; 1 drivers
L_0x7f179b0dce38 .functor BUFT 1, C4<00001010>, C4<0>, C4<0>, C4<0>;
v0x5621466ad070_163 .net v0x5621466ad070 163, 0 7, L_0x7f179b0dce38; 1 drivers
L_0x7f179b0dce80 .functor BUFT 1, C4<01001001>, C4<0>, C4<0>, C4<0>;
v0x5621466ad070_164 .net v0x5621466ad070 164, 0 7, L_0x7f179b0dce80; 1 drivers
L_0x7f179b0dcec8 .functor BUFT 1, C4<00000110>, C4<0>, C4<0>, C4<0>;
v0x5621466ad070_165 .net v0x5621466ad070 165, 0 7, L_0x7f179b0dcec8; 1 drivers
L_0x7f179b0dcf10 .functor BUFT 1, C4<00100100>, C4<0>, C4<0>, C4<0>;
v0x5621466ad070_166 .net v0x5621466ad070 166, 0 7, L_0x7f179b0dcf10; 1 drivers
L_0x7f179b0dcf58 .functor BUFT 1, C4<01011100>, C4<0>, C4<0>, C4<0>;
v0x5621466ad070_167 .net v0x5621466ad070 167, 0 7, L_0x7f179b0dcf58; 1 drivers
L_0x7f179b0dcfa0 .functor BUFT 1, C4<11000010>, C4<0>, C4<0>, C4<0>;
v0x5621466ad070_168 .net v0x5621466ad070 168, 0 7, L_0x7f179b0dcfa0; 1 drivers
L_0x7f179b0dcfe8 .functor BUFT 1, C4<11010011>, C4<0>, C4<0>, C4<0>;
v0x5621466ad070_169 .net v0x5621466ad070 169, 0 7, L_0x7f179b0dcfe8; 1 drivers
L_0x7f179b0dd030 .functor BUFT 1, C4<10101100>, C4<0>, C4<0>, C4<0>;
v0x5621466ad070_170 .net v0x5621466ad070 170, 0 7, L_0x7f179b0dd030; 1 drivers
L_0x7f179b0dd078 .functor BUFT 1, C4<01100010>, C4<0>, C4<0>, C4<0>;
v0x5621466ad070_171 .net v0x5621466ad070 171, 0 7, L_0x7f179b0dd078; 1 drivers
L_0x7f179b0dd0c0 .functor BUFT 1, C4<10010001>, C4<0>, C4<0>, C4<0>;
v0x5621466ad070_172 .net v0x5621466ad070 172, 0 7, L_0x7f179b0dd0c0; 1 drivers
L_0x7f179b0dd108 .functor BUFT 1, C4<10010101>, C4<0>, C4<0>, C4<0>;
v0x5621466ad070_173 .net v0x5621466ad070 173, 0 7, L_0x7f179b0dd108; 1 drivers
L_0x7f179b0dd150 .functor BUFT 1, C4<11100100>, C4<0>, C4<0>, C4<0>;
v0x5621466ad070_174 .net v0x5621466ad070 174, 0 7, L_0x7f179b0dd150; 1 drivers
L_0x7f179b0dd198 .functor BUFT 1, C4<01111001>, C4<0>, C4<0>, C4<0>;
v0x5621466ad070_175 .net v0x5621466ad070 175, 0 7, L_0x7f179b0dd198; 1 drivers
L_0x7f179b0dd1e0 .functor BUFT 1, C4<11100111>, C4<0>, C4<0>, C4<0>;
v0x5621466ad070_176 .net v0x5621466ad070 176, 0 7, L_0x7f179b0dd1e0; 1 drivers
L_0x7f179b0dd228 .functor BUFT 1, C4<11001000>, C4<0>, C4<0>, C4<0>;
v0x5621466ad070_177 .net v0x5621466ad070 177, 0 7, L_0x7f179b0dd228; 1 drivers
L_0x7f179b0dd270 .functor BUFT 1, C4<00110111>, C4<0>, C4<0>, C4<0>;
v0x5621466ad070_178 .net v0x5621466ad070 178, 0 7, L_0x7f179b0dd270; 1 drivers
L_0x7f179b0dd2b8 .functor BUFT 1, C4<01101101>, C4<0>, C4<0>, C4<0>;
v0x5621466ad070_179 .net v0x5621466ad070 179, 0 7, L_0x7f179b0dd2b8; 1 drivers
L_0x7f179b0dd300 .functor BUFT 1, C4<10001101>, C4<0>, C4<0>, C4<0>;
v0x5621466ad070_180 .net v0x5621466ad070 180, 0 7, L_0x7f179b0dd300; 1 drivers
L_0x7f179b0dd348 .functor BUFT 1, C4<11010101>, C4<0>, C4<0>, C4<0>;
v0x5621466ad070_181 .net v0x5621466ad070 181, 0 7, L_0x7f179b0dd348; 1 drivers
L_0x7f179b0dd390 .functor BUFT 1, C4<01001110>, C4<0>, C4<0>, C4<0>;
v0x5621466ad070_182 .net v0x5621466ad070 182, 0 7, L_0x7f179b0dd390; 1 drivers
L_0x7f179b0dd3d8 .functor BUFT 1, C4<10101001>, C4<0>, C4<0>, C4<0>;
v0x5621466ad070_183 .net v0x5621466ad070 183, 0 7, L_0x7f179b0dd3d8; 1 drivers
L_0x7f179b0dd420 .functor BUFT 1, C4<01101100>, C4<0>, C4<0>, C4<0>;
v0x5621466ad070_184 .net v0x5621466ad070 184, 0 7, L_0x7f179b0dd420; 1 drivers
L_0x7f179b0dd468 .functor BUFT 1, C4<01010110>, C4<0>, C4<0>, C4<0>;
v0x5621466ad070_185 .net v0x5621466ad070 185, 0 7, L_0x7f179b0dd468; 1 drivers
L_0x7f179b0dd4b0 .functor BUFT 1, C4<11110100>, C4<0>, C4<0>, C4<0>;
v0x5621466ad070_186 .net v0x5621466ad070 186, 0 7, L_0x7f179b0dd4b0; 1 drivers
L_0x7f179b0dd4f8 .functor BUFT 1, C4<11101010>, C4<0>, C4<0>, C4<0>;
v0x5621466ad070_187 .net v0x5621466ad070 187, 0 7, L_0x7f179b0dd4f8; 1 drivers
L_0x7f179b0dd540 .functor BUFT 1, C4<01100101>, C4<0>, C4<0>, C4<0>;
v0x5621466ad070_188 .net v0x5621466ad070 188, 0 7, L_0x7f179b0dd540; 1 drivers
L_0x7f179b0dd588 .functor BUFT 1, C4<01111010>, C4<0>, C4<0>, C4<0>;
v0x5621466ad070_189 .net v0x5621466ad070 189, 0 7, L_0x7f179b0dd588; 1 drivers
L_0x7f179b0dd5d0 .functor BUFT 1, C4<10101110>, C4<0>, C4<0>, C4<0>;
v0x5621466ad070_190 .net v0x5621466ad070 190, 0 7, L_0x7f179b0dd5d0; 1 drivers
L_0x7f179b0dd618 .functor BUFT 1, C4<00001000>, C4<0>, C4<0>, C4<0>;
v0x5621466ad070_191 .net v0x5621466ad070 191, 0 7, L_0x7f179b0dd618; 1 drivers
L_0x7f179b0dd660 .functor BUFT 1, C4<10111010>, C4<0>, C4<0>, C4<0>;
v0x5621466ad070_192 .net v0x5621466ad070 192, 0 7, L_0x7f179b0dd660; 1 drivers
L_0x7f179b0dd6a8 .functor BUFT 1, C4<01111000>, C4<0>, C4<0>, C4<0>;
v0x5621466ad070_193 .net v0x5621466ad070 193, 0 7, L_0x7f179b0dd6a8; 1 drivers
L_0x7f179b0dd6f0 .functor BUFT 1, C4<00100101>, C4<0>, C4<0>, C4<0>;
v0x5621466ad070_194 .net v0x5621466ad070 194, 0 7, L_0x7f179b0dd6f0; 1 drivers
L_0x7f179b0dd738 .functor BUFT 1, C4<00101110>, C4<0>, C4<0>, C4<0>;
v0x5621466ad070_195 .net v0x5621466ad070 195, 0 7, L_0x7f179b0dd738; 1 drivers
L_0x7f179b0dd780 .functor BUFT 1, C4<00011100>, C4<0>, C4<0>, C4<0>;
v0x5621466ad070_196 .net v0x5621466ad070 196, 0 7, L_0x7f179b0dd780; 1 drivers
L_0x7f179b0dd7c8 .functor BUFT 1, C4<10100110>, C4<0>, C4<0>, C4<0>;
v0x5621466ad070_197 .net v0x5621466ad070 197, 0 7, L_0x7f179b0dd7c8; 1 drivers
L_0x7f179b0dd810 .functor BUFT 1, C4<10110100>, C4<0>, C4<0>, C4<0>;
v0x5621466ad070_198 .net v0x5621466ad070 198, 0 7, L_0x7f179b0dd810; 1 drivers
L_0x7f179b0dd858 .functor BUFT 1, C4<11000110>, C4<0>, C4<0>, C4<0>;
v0x5621466ad070_199 .net v0x5621466ad070 199, 0 7, L_0x7f179b0dd858; 1 drivers
L_0x7f179b0dd8a0 .functor BUFT 1, C4<11101000>, C4<0>, C4<0>, C4<0>;
v0x5621466ad070_200 .net v0x5621466ad070 200, 0 7, L_0x7f179b0dd8a0; 1 drivers
L_0x7f179b0dd8e8 .functor BUFT 1, C4<11011101>, C4<0>, C4<0>, C4<0>;
v0x5621466ad070_201 .net v0x5621466ad070 201, 0 7, L_0x7f179b0dd8e8; 1 drivers
L_0x7f179b0dd930 .functor BUFT 1, C4<01110100>, C4<0>, C4<0>, C4<0>;
v0x5621466ad070_202 .net v0x5621466ad070 202, 0 7, L_0x7f179b0dd930; 1 drivers
L_0x7f179b0dd978 .functor BUFT 1, C4<00011111>, C4<0>, C4<0>, C4<0>;
v0x5621466ad070_203 .net v0x5621466ad070 203, 0 7, L_0x7f179b0dd978; 1 drivers
L_0x7f179b0dd9c0 .functor BUFT 1, C4<01001011>, C4<0>, C4<0>, C4<0>;
v0x5621466ad070_204 .net v0x5621466ad070 204, 0 7, L_0x7f179b0dd9c0; 1 drivers
L_0x7f179b0dda08 .functor BUFT 1, C4<10111101>, C4<0>, C4<0>, C4<0>;
v0x5621466ad070_205 .net v0x5621466ad070 205, 0 7, L_0x7f179b0dda08; 1 drivers
L_0x7f179b0dda50 .functor BUFT 1, C4<10001011>, C4<0>, C4<0>, C4<0>;
v0x5621466ad070_206 .net v0x5621466ad070 206, 0 7, L_0x7f179b0dda50; 1 drivers
L_0x7f179b0dda98 .functor BUFT 1, C4<10001010>, C4<0>, C4<0>, C4<0>;
v0x5621466ad070_207 .net v0x5621466ad070 207, 0 7, L_0x7f179b0dda98; 1 drivers
L_0x7f179b0ddae0 .functor BUFT 1, C4<01110000>, C4<0>, C4<0>, C4<0>;
v0x5621466ad070_208 .net v0x5621466ad070 208, 0 7, L_0x7f179b0ddae0; 1 drivers
L_0x7f179b0ddb28 .functor BUFT 1, C4<00111110>, C4<0>, C4<0>, C4<0>;
v0x5621466ad070_209 .net v0x5621466ad070 209, 0 7, L_0x7f179b0ddb28; 1 drivers
L_0x7f179b0ddb70 .functor BUFT 1, C4<10110101>, C4<0>, C4<0>, C4<0>;
v0x5621466ad070_210 .net v0x5621466ad070 210, 0 7, L_0x7f179b0ddb70; 1 drivers
L_0x7f179b0ddbb8 .functor BUFT 1, C4<01100110>, C4<0>, C4<0>, C4<0>;
v0x5621466ad070_211 .net v0x5621466ad070 211, 0 7, L_0x7f179b0ddbb8; 1 drivers
L_0x7f179b0ddc00 .functor BUFT 1, C4<01001000>, C4<0>, C4<0>, C4<0>;
v0x5621466ad070_212 .net v0x5621466ad070 212, 0 7, L_0x7f179b0ddc00; 1 drivers
L_0x7f179b0ddc48 .functor BUFT 1, C4<00000011>, C4<0>, C4<0>, C4<0>;
v0x5621466ad070_213 .net v0x5621466ad070 213, 0 7, L_0x7f179b0ddc48; 1 drivers
L_0x7f179b0ddc90 .functor BUFT 1, C4<11110110>, C4<0>, C4<0>, C4<0>;
v0x5621466ad070_214 .net v0x5621466ad070 214, 0 7, L_0x7f179b0ddc90; 1 drivers
L_0x7f179b0ddcd8 .functor BUFT 1, C4<00001110>, C4<0>, C4<0>, C4<0>;
v0x5621466ad070_215 .net v0x5621466ad070 215, 0 7, L_0x7f179b0ddcd8; 1 drivers
L_0x7f179b0ddd20 .functor BUFT 1, C4<01100001>, C4<0>, C4<0>, C4<0>;
v0x5621466ad070_216 .net v0x5621466ad070 216, 0 7, L_0x7f179b0ddd20; 1 drivers
L_0x7f179b0ddd68 .functor BUFT 1, C4<00110101>, C4<0>, C4<0>, C4<0>;
v0x5621466ad070_217 .net v0x5621466ad070 217, 0 7, L_0x7f179b0ddd68; 1 drivers
L_0x7f179b0dddb0 .functor BUFT 1, C4<01010111>, C4<0>, C4<0>, C4<0>;
v0x5621466ad070_218 .net v0x5621466ad070 218, 0 7, L_0x7f179b0dddb0; 1 drivers
L_0x7f179b0dddf8 .functor BUFT 1, C4<10111001>, C4<0>, C4<0>, C4<0>;
v0x5621466ad070_219 .net v0x5621466ad070 219, 0 7, L_0x7f179b0dddf8; 1 drivers
L_0x7f179b0dde40 .functor BUFT 1, C4<10000110>, C4<0>, C4<0>, C4<0>;
v0x5621466ad070_220 .net v0x5621466ad070 220, 0 7, L_0x7f179b0dde40; 1 drivers
L_0x7f179b0dde88 .functor BUFT 1, C4<11000001>, C4<0>, C4<0>, C4<0>;
v0x5621466ad070_221 .net v0x5621466ad070 221, 0 7, L_0x7f179b0dde88; 1 drivers
L_0x7f179b0dded0 .functor BUFT 1, C4<00011101>, C4<0>, C4<0>, C4<0>;
v0x5621466ad070_222 .net v0x5621466ad070 222, 0 7, L_0x7f179b0dded0; 1 drivers
L_0x7f179b0ddf18 .functor BUFT 1, C4<10011110>, C4<0>, C4<0>, C4<0>;
v0x5621466ad070_223 .net v0x5621466ad070 223, 0 7, L_0x7f179b0ddf18; 1 drivers
L_0x7f179b0ddf60 .functor BUFT 1, C4<11100001>, C4<0>, C4<0>, C4<0>;
v0x5621466ad070_224 .net v0x5621466ad070 224, 0 7, L_0x7f179b0ddf60; 1 drivers
L_0x7f179b0ddfa8 .functor BUFT 1, C4<11111000>, C4<0>, C4<0>, C4<0>;
v0x5621466ad070_225 .net v0x5621466ad070 225, 0 7, L_0x7f179b0ddfa8; 1 drivers
L_0x7f179b0ddff0 .functor BUFT 1, C4<10011000>, C4<0>, C4<0>, C4<0>;
v0x5621466ad070_226 .net v0x5621466ad070 226, 0 7, L_0x7f179b0ddff0; 1 drivers
L_0x7f179b0de038 .functor BUFT 1, C4<00010001>, C4<0>, C4<0>, C4<0>;
v0x5621466ad070_227 .net v0x5621466ad070 227, 0 7, L_0x7f179b0de038; 1 drivers
L_0x7f179b0de080 .functor BUFT 1, C4<01101001>, C4<0>, C4<0>, C4<0>;
v0x5621466ad070_228 .net v0x5621466ad070 228, 0 7, L_0x7f179b0de080; 1 drivers
L_0x7f179b0de0c8 .functor BUFT 1, C4<11011001>, C4<0>, C4<0>, C4<0>;
v0x5621466ad070_229 .net v0x5621466ad070 229, 0 7, L_0x7f179b0de0c8; 1 drivers
L_0x7f179b0de110 .functor BUFT 1, C4<10001110>, C4<0>, C4<0>, C4<0>;
v0x5621466ad070_230 .net v0x5621466ad070 230, 0 7, L_0x7f179b0de110; 1 drivers
L_0x7f179b0de158 .functor BUFT 1, C4<10010100>, C4<0>, C4<0>, C4<0>;
v0x5621466ad070_231 .net v0x5621466ad070 231, 0 7, L_0x7f179b0de158; 1 drivers
L_0x7f179b0de1a0 .functor BUFT 1, C4<10011011>, C4<0>, C4<0>, C4<0>;
v0x5621466ad070_232 .net v0x5621466ad070 232, 0 7, L_0x7f179b0de1a0; 1 drivers
L_0x7f179b0de1e8 .functor BUFT 1, C4<00011110>, C4<0>, C4<0>, C4<0>;
v0x5621466ad070_233 .net v0x5621466ad070 233, 0 7, L_0x7f179b0de1e8; 1 drivers
L_0x7f179b0de230 .functor BUFT 1, C4<10000111>, C4<0>, C4<0>, C4<0>;
v0x5621466ad070_234 .net v0x5621466ad070 234, 0 7, L_0x7f179b0de230; 1 drivers
L_0x7f179b0de278 .functor BUFT 1, C4<11101001>, C4<0>, C4<0>, C4<0>;
v0x5621466ad070_235 .net v0x5621466ad070 235, 0 7, L_0x7f179b0de278; 1 drivers
L_0x7f179b0de2c0 .functor BUFT 1, C4<11001110>, C4<0>, C4<0>, C4<0>;
v0x5621466ad070_236 .net v0x5621466ad070 236, 0 7, L_0x7f179b0de2c0; 1 drivers
L_0x7f179b0de308 .functor BUFT 1, C4<01010101>, C4<0>, C4<0>, C4<0>;
v0x5621466ad070_237 .net v0x5621466ad070 237, 0 7, L_0x7f179b0de308; 1 drivers
L_0x7f179b0de350 .functor BUFT 1, C4<00101000>, C4<0>, C4<0>, C4<0>;
v0x5621466ad070_238 .net v0x5621466ad070 238, 0 7, L_0x7f179b0de350; 1 drivers
L_0x7f179b0de398 .functor BUFT 1, C4<11011111>, C4<0>, C4<0>, C4<0>;
v0x5621466ad070_239 .net v0x5621466ad070 239, 0 7, L_0x7f179b0de398; 1 drivers
L_0x7f179b0de3e0 .functor BUFT 1, C4<10001100>, C4<0>, C4<0>, C4<0>;
v0x5621466ad070_240 .net v0x5621466ad070 240, 0 7, L_0x7f179b0de3e0; 1 drivers
L_0x7f179b0de428 .functor BUFT 1, C4<10100001>, C4<0>, C4<0>, C4<0>;
v0x5621466ad070_241 .net v0x5621466ad070 241, 0 7, L_0x7f179b0de428; 1 drivers
L_0x7f179b0de470 .functor BUFT 1, C4<10001001>, C4<0>, C4<0>, C4<0>;
v0x5621466ad070_242 .net v0x5621466ad070 242, 0 7, L_0x7f179b0de470; 1 drivers
L_0x7f179b0de4b8 .functor BUFT 1, C4<00001101>, C4<0>, C4<0>, C4<0>;
v0x5621466ad070_243 .net v0x5621466ad070 243, 0 7, L_0x7f179b0de4b8; 1 drivers
L_0x7f179b0de500 .functor BUFT 1, C4<10111111>, C4<0>, C4<0>, C4<0>;
v0x5621466ad070_244 .net v0x5621466ad070 244, 0 7, L_0x7f179b0de500; 1 drivers
L_0x7f179b0de548 .functor BUFT 1, C4<11100110>, C4<0>, C4<0>, C4<0>;
v0x5621466ad070_245 .net v0x5621466ad070 245, 0 7, L_0x7f179b0de548; 1 drivers
L_0x7f179b0de590 .functor BUFT 1, C4<01000010>, C4<0>, C4<0>, C4<0>;
v0x5621466ad070_246 .net v0x5621466ad070 246, 0 7, L_0x7f179b0de590; 1 drivers
L_0x7f179b0de5d8 .functor BUFT 1, C4<01101000>, C4<0>, C4<0>, C4<0>;
v0x5621466ad070_247 .net v0x5621466ad070 247, 0 7, L_0x7f179b0de5d8; 1 drivers
L_0x7f179b0de620 .functor BUFT 1, C4<01000001>, C4<0>, C4<0>, C4<0>;
v0x5621466ad070_248 .net v0x5621466ad070 248, 0 7, L_0x7f179b0de620; 1 drivers
L_0x7f179b0de668 .functor BUFT 1, C4<10011001>, C4<0>, C4<0>, C4<0>;
v0x5621466ad070_249 .net v0x5621466ad070 249, 0 7, L_0x7f179b0de668; 1 drivers
L_0x7f179b0de6b0 .functor BUFT 1, C4<00101101>, C4<0>, C4<0>, C4<0>;
v0x5621466ad070_250 .net v0x5621466ad070 250, 0 7, L_0x7f179b0de6b0; 1 drivers
L_0x7f179b0de6f8 .functor BUFT 1, C4<00001111>, C4<0>, C4<0>, C4<0>;
v0x5621466ad070_251 .net v0x5621466ad070 251, 0 7, L_0x7f179b0de6f8; 1 drivers
L_0x7f179b0de740 .functor BUFT 1, C4<10110000>, C4<0>, C4<0>, C4<0>;
v0x5621466ad070_252 .net v0x5621466ad070 252, 0 7, L_0x7f179b0de740; 1 drivers
L_0x7f179b0de788 .functor BUFT 1, C4<01010100>, C4<0>, C4<0>, C4<0>;
v0x5621466ad070_253 .net v0x5621466ad070 253, 0 7, L_0x7f179b0de788; 1 drivers
L_0x7f179b0de7d0 .functor BUFT 1, C4<10111011>, C4<0>, C4<0>, C4<0>;
v0x5621466ad070_254 .net v0x5621466ad070 254, 0 7, L_0x7f179b0de7d0; 1 drivers
L_0x7f179b0de818 .functor BUFT 1, C4<00010110>, C4<0>, C4<0>, C4<0>;
v0x5621466ad070_255 .net v0x5621466ad070 255, 0 7, L_0x7f179b0de818; 1 drivers
E_0x56214660ebd0 .event posedge, v0x5621466b25d0_0;
    .scope S_0x562146666190;
T_0 ;
    %wait E_0x56214660ebd0;
    %load/vec4 v0x5621466b6ef0_0;
    %flag_set/vec4 8;
    %jmp/0xz  T_0.0, 8;
    %load/vec4 v0x5621466adeb0_0;
    %parti/s 8, 120, 8;
    %pad/u 10;
    %ix/vec4 4;
    %load/vec4a v0x5621466ad070, 4;
    %ix/load 4, 120, 0;
    %ix/load 5, 0, 0;
    %flag_set/imm 4, 0;
    %assign/vec4/off/d v0x5621466ad790_0, 4, 5;
    %load/vec4 v0x5621466adeb0_0;
    %parti/s 8, 112, 8;
    %pad/u 10;
    %ix/vec4 4;
    %load/vec4a v0x5621466ad070, 4;
    %ix/load 4, 112, 0;
    %ix/load 5, 0, 0;
    %flag_set/imm 4, 0;
    %assign/vec4/off/d v0x5621466ad790_0, 4, 5;
    %load/vec4 v0x5621466adeb0_0;
    %parti/s 8, 104, 8;
    %pad/u 10;
    %ix/vec4 4;
    %load/vec4a v0x5621466ad070, 4;
    %ix/load 4, 104, 0;
    %ix/load 5, 0, 0;
    %flag_set/imm 4, 0;
    %assign/vec4/off/d v0x5621466ad790_0, 4, 5;
    %load/vec4 v0x5621466adeb0_0;
    %parti/s 8, 96, 8;
    %pad/u 10;
    %ix/vec4 4;
    %load/vec4a v0x5621466ad070, 4;
    %ix/load 4, 96, 0;
    %ix/load 5, 0, 0;
    %flag_set/imm 4, 0;
    %assign/vec4/off/d v0x5621466ad790_0, 4, 5;
    %load/vec4 v0x5621466adeb0_0;
    %parti/s 8, 88, 8;
    %pad/u 10;
    %ix/vec4 4;
    %load/vec4a v0x5621466ad070, 4;
    %ix/load 4, 88, 0;
    %ix/load 5, 0, 0;
    %flag_set/imm 4, 0;
    %assign/vec4/off/d v0x5621466ad790_0, 4, 5;
    %load/vec4 v0x5621466adeb0_0;
    %parti/s 8, 80, 8;
    %pad/u 10;
    %ix/vec4 4;
    %load/vec4a v0x5621466ad070, 4;
    %ix/load 4, 80, 0;
    %ix/load 5, 0, 0;
    %flag_set/imm 4, 0;
    %assign/vec4/off/d v0x5621466ad790_0, 4, 5;
    %load/vec4 v0x5621466adeb0_0;
    %parti/s 8, 72, 8;
    %pad/u 10;
    %ix/vec4 4;
    %load/vec4a v0x5621466ad070, 4;
    %ix/load 4, 72, 0;
    %ix/load 5, 0, 0;
    %flag_set/imm 4, 0;
    %assign/vec4/off/d v0x5621466ad790_0, 4, 5;
    %load/vec4 v0x5621466adeb0_0;
    %parti/s 8, 64, 8;
    %pad/u 10;
    %ix/vec4 4;
    %load/vec4a v0x5621466ad070, 4;
    %ix/load 4, 64, 0;
    %ix/load 5, 0, 0;
    %flag_set/imm 4, 0;
    %assign/vec4/off/d v0x5621466ad790_0, 4, 5;
    %load/vec4 v0x5621466adeb0_0;
    %parti/s 8, 56, 7;
    %pad/u 10;
    %ix/vec4 4;
    %load/vec4a v0x5621466ad070, 4;
    %ix/load 4, 56, 0;
    %ix/load 5, 0, 0;
    %flag_set/imm 4, 0;
    %assign/vec4/off/d v0x5621466ad790_0, 4, 5;
    %load/vec4 v0x5621466adeb0_0;
    %parti/s 8, 48, 7;
    %pad/u 10;
    %ix/vec4 4;
    %load/vec4a v0x5621466ad070, 4;
    %ix/load 4, 48, 0;
    %ix/load 5, 0, 0;
    %flag_set/imm 4, 0;
    %assign/vec4/off/d v0x5621466ad790_0, 4, 5;
    %load/vec4 v0x5621466adeb0_0;
    %parti/s 8, 40, 7;
    %pad/u 10;
    %ix/vec4 4;
    %load/vec4a v0x5621466ad070, 4;
    %ix/load 4, 40, 0;
    %ix/load 5, 0, 0;
    %flag_set/imm 4, 0;
    %assign/vec4/off/d v0x5621466ad790_0, 4, 5;
    %load/vec4 v0x5621466adeb0_0;
    %parti/s 8, 32, 7;
    %pad/u 10;
    %ix/vec4 4;
    %load/vec4a v0x5621466ad070, 4;
    %ix/load 4, 32, 0;
    %ix/load 5, 0, 0;
    %flag_set/imm 4, 0;
    %assign/vec4/off/d v0x5621466ad790_0, 4, 5;
    %load/vec4 v0x5621466adeb0_0;
    %parti/s 8, 24, 6;
    %pad/u 10;
    %ix/vec4 4;
    %load/vec4a v0x5621466ad070, 4;
    %ix/load 4, 24, 0;
    %ix/load 5, 0, 0;
    %flag_set/imm 4, 0;
    %assign/vec4/off/d v0x5621466ad790_0, 4, 5;
    %load/vec4 v0x5621466adeb0_0;
    %parti/s 8, 16, 6;
    %pad/u 10;
    %ix/vec4 4;
    %load/vec4a v0x5621466ad070, 4;
    %ix/load 4, 16, 0;
    %ix/load 5, 0, 0;
    %flag_set/imm 4, 0;
    %assign/vec4/off/d v0x5621466ad790_0, 4, 5;
    %load/vec4 v0x5621466adeb0_0;
    %parti/s 8, 8, 5;
    %pad/u 10;
    %ix/vec4 4;
    %load/vec4a v0x5621466ad070, 4;
    %ix/load 4, 8, 0;
    %ix/load 5, 0, 0;
    %flag_set/imm 4, 0;
    %assign/vec4/off/d v0x5621466ad790_0, 4, 5;
    %load/vec4 v0x5621466adeb0_0;
    %parti/s 8, 0, 2;
    %pad/u 10;
    %ix/vec4 4;
    %load/vec4a v0x5621466ad070, 4;
    %ix/load 4, 0, 0;
    %ix/load 5, 0, 0;
    %flag_set/imm 4, 0;
    %assign/vec4/off/d v0x5621466ad790_0, 4, 5;
T_0.0 ;
    %jmp T_0;
    .thread T_0;
    .scope S_0x562146665d10;
T_1 ;
    %pushi/vec4 0, 0, 3;
    %store/vec4 v0x5621466ba0e0_0, 0, 3;
    %end;
    .thread T_1;
    .scope S_0x562146665d10;
T_2 ;
    %pushi/vec4 0, 0, 128;
    %store/vec4 v0x5621466ba020_0, 0, 128;
    %end;
    .thread T_2;
    .scope S_0x562146665d10;
T_3 ;
    %pushi/vec4 0, 0, 1;
    %store/vec4 v0x5621466ba1a0_0, 0, 1;
    %end;
    .thread T_3;
    .scope S_0x562146665d10;
T_4 ;
    %pushi/vec4 0, 0, 3;
    %store/vec4 v0x5621466b9bd0_0, 0, 3;
    %end;
    .thread T_4;
    .scope S_0x562146665d10;
T_5 ;
    %wait E_0x56214660ebd0;
    %load/vec4 v0x5621466ba0e0_0;
    %dup/vec4;
    %pushi/vec4 0, 0, 3;
    %cmp/u;
    %jmp/1 T_5.0, 6;
    %dup/vec4;
    %pushi/vec4 1, 0, 3;
    %cmp/u;
    %jmp/1 T_5.1, 6;
    %dup/vec4;
    %pushi/vec4 2, 0, 3;
    %cmp/u;
    %jmp/1 T_5.2, 6;
    %dup/vec4;
    %pushi/vec4 3, 0, 3;
    %cmp/u;
    %jmp/1 T_5.3, 6;
    %jmp T_5.4;
T_5.0 ;
    %pushi/vec4 1, 0, 3;
    %assign/vec4 v0x5621466ba0e0_0, 0;
    %jmp T_5.4;
T_5.1 ;
    %load/vec4 v0x5621466b9e30_0;
    %assign/vec4 v0x5621466ba020_0, 0;
    %pushi/vec4 2, 0, 3;
    %assign/vec4 v0x5621466ba0e0_0, 0;
    %jmp T_5.4;
T_5.2 ;
    %load/vec4 v0x5621466b9bd0_0;
    %addi 1, 0, 3;
    %store/vec4 v0x5621466b9bd0_0, 0, 3;
    %pushi/vec4 1, 0, 1;
    %assign/vec4 v0x5621466ba1a0_0, 0;
    %load/vec4 v0x5621466b9bd0_0;
    %pad/u 32;
    %cmpi/e 3, 0, 32;
    %jmp/0xz  T_5.5, 4;
    %load/vec4 v0x5621466bb310_0;
    %assign/vec4 v0x5621466ba020_0, 0;
    %pushi/vec4 0, 0, 1;
    %assign/vec4 v0x5621466ba1a0_0, 0;
    %pushi/vec4 3, 0, 3;
    %assign/vec4 v0x5621466ba0e0_0, 0;
T_5.5 ;
    %jmp T_5.4;
T_5.3 ;
    %jmp T_5.4;
T_5.4 ;
    %pop/vec4 1;
    %jmp T_5;
    .thread T_5;
    .scope S_0x562146665d10;
T_6 ;
    %wait E_0x5621465d9d70;
    %load/vec4 v0x5621466ba020_0;
    %parti/s 8, 120, 8;
    %ix/load 3, 0, 0;
    %flag_set/imm 4, 0;
    %ix/load 4, 0, 0; Constant delay
    %assign/vec4/a/d v0x5621466ba270, 0, 4;
    %load/vec4 v0x5621466ba020_0;
    %parti/s 8, 112, 8;
    %ix/load 3, 1, 0;
    %flag_set/imm 4, 0;
    %ix/load 4, 0, 0; Constant delay
    %assign/vec4/a/d v0x5621466ba270, 0, 4;
    %load/vec4 v0x5621466ba020_0;
    %parti/s 8, 104, 8;
    %ix/load 3, 2, 0;
    %flag_set/imm 4, 0;
    %ix/load 4, 0, 0; Constant delay
    %assign/vec4/a/d v0x5621466ba270, 0, 4;
    %load/vec4 v0x5621466ba020_0;
    %parti/s 8, 96, 8;
    %ix/load 3, 3, 0;
    %flag_set/imm 4, 0;
    %ix/load 4, 0, 0; Constant delay
    %assign/vec4/a/d v0x5621466ba270, 0, 4;
    %load/vec4 v0x5621466ba020_0;
    %parti/s 8, 88, 8;
    %ix/load 3, 4, 0;
    %flag_set/imm 4, 0;
    %ix/load 4, 0, 0; Constant delay
    %assign/vec4/a/d v0x5621466ba270, 0, 4;
    %load/vec4 v0x5621466ba020_0;
    %parti/s 8, 80, 8;
    %ix/load 3, 5, 0;
    %flag_set/imm 4, 0;
    %ix/load 4, 0, 0; Constant delay
    %assign/vec4/a/d v0x5621466ba270, 0, 4;
    %load/vec4 v0x5621466ba020_0;
    %parti/s 8, 72, 8;
    %ix/load 3, 6, 0;
    %flag_set/imm 4, 0;
    %ix/load 4, 0, 0; Constant delay
    %assign/vec4/a/d v0x5621466ba270, 0, 4;
    %load/vec4 v0x5621466ba020_0;
    %parti/s 8, 64, 8;
    %ix/load 3, 7, 0;
    %flag_set/imm 4, 0;
    %ix/load 4, 0, 0; Constant delay
    %assign/vec4/a/d v0x5621466ba270, 0, 4;
    %load/vec4 v0x5621466ba020_0;
    %parti/s 8, 56, 7;
    %ix/load 3, 8, 0;
    %flag_set/imm 4, 0;
    %ix/load 4, 0, 0; Constant delay
    %assign/vec4/a/d v0x5621466ba270, 0, 4;
    %load/vec4 v0x5621466ba020_0;
    %parti/s 8, 48, 7;
    %ix/load 3, 9, 0;
    %flag_set/imm 4, 0;
    %ix/load 4, 0, 0; Constant delay
    %assign/vec4/a/d v0x5621466ba270, 0, 4;
    %load/vec4 v0x5621466ba020_0;
    %parti/s 8, 40, 7;
    %ix/load 3, 10, 0;
    %flag_set/imm 4, 0;
    %ix/load 4, 0, 0; Constant delay
    %assign/vec4/a/d v0x5621466ba270, 0, 4;
    %load/vec4 v0x5621466ba020_0;
    %parti/s 8, 32, 7;
    %ix/load 3, 11, 0;
    %flag_set/imm 4, 0;
    %ix/load 4, 0, 0; Constant delay
    %assign/vec4/a/d v0x5621466ba270, 0, 4;
    %load/vec4 v0x5621466ba020_0;
    %parti/s 8, 24, 6;
    %ix/load 3, 12, 0;
    %flag_set/imm 4, 0;
    %ix/load 4, 0, 0; Constant delay
    %assign/vec4/a/d v0x5621466ba270, 0, 4;
    %load/vec4 v0x5621466ba020_0;
    %parti/s 8, 16, 6;
    %ix/load 3, 13, 0;
    %flag_set/imm 4, 0;
    %ix/load 4, 0, 0; Constant delay
    %assign/vec4/a/d v0x5621466ba270, 0, 4;
    %load/vec4 v0x5621466ba020_0;
    %parti/s 8, 8, 5;
    %ix/load 3, 14, 0;
    %flag_set/imm 4, 0;
    %ix/load 4, 0, 0; Constant delay
    %assign/vec4/a/d v0x5621466ba270, 0, 4;
    %load/vec4 v0x5621466ba020_0;
    %parti/s 8, 0, 2;
    %ix/load 3, 15, 0;
    %flag_set/imm 4, 0;
    %ix/load 4, 0, 0; Constant delay
    %assign/vec4/a/d v0x5621466ba270, 0, 4;
    %jmp T_6;
    .thread T_6, $push;
    .scope S_0x562146667810;
T_7 ;
    %pushi/vec4 0, 0, 1;
    %store/vec4 v0x5621466bb490_0, 0, 1;
    %end;
    .thread T_7;
    .scope S_0x562146667810;
T_8 ;
    %pushi/vec4 0, 0, 128;
    %store/vec4 v0x5621466bb610_0, 0, 128;
    %end;
    .thread T_8;
    .scope S_0x562146667810;
T_9 ;
    %pushi/vec4 0, 0, 128;
    %store/vec4 v0x5621466bb550_0, 0, 128;
    %end;
    .thread T_9;
    .scope S_0x562146667810;
T_10 ;
    %delay 50000, 0;
    %load/vec4 v0x5621466bb490_0;
    %nor/r;
    %assign/vec4 v0x5621466bb490_0, 0;
    %jmp T_10;
    .thread T_10;
    .scope S_0x562146667810;
T_11 ;
    %vpi_call 2 26 "$dumpfile", "aes_tb.vcd" {0 0 0};
    %vpi_call 2 27 "$dumpvars" {0 0 0};
    %wait E_0x56214660ebd0;
    %pushi/vec4 2299632162, 0, 43;
    %concati/vec4 2872294468, 0, 32;
    %concati/vec4 3444956774, 0, 32;
    %concati/vec4 1961727, 0, 21;
    %assign/vec4 v0x5621466bb610_0, 0;
    %pushi/vec4 2164359682, 0, 47;
    %concati/vec4 2198045700, 0, 32;
    %concati/vec4 2231731718, 0, 32;
    %concati/vec4 69135, 0, 17;
    %assign/vec4 v0x5621466bb550_0, 0;
    %delay 10000000, 0;
    %vpi_call 2 34 "$finish" {0 0 0};
    %end;
    .thread T_11;
# The file index is used to find the file name in the following table.
:file_names 5;
    "N/A";
    "<interactive>";
    "aes_tb.v";
    "./aes.v";
    "./sub_bytes.v";
