#! /usr/bin/vvp
:ivl_version "10.1 (stable)";
:ivl_delay_selection "TYPICAL";
:vpi_time_precision - 12;
:vpi_module "system";
:vpi_module "vhdl_sys";
:vpi_module "v2005_math";
:vpi_module "va_math";
S_0x563be9c6eba0 .scope module, "uart_tb" "uart_tb" 2 8;
 .timescale -9 -12;
P_0x563be9c6cf20 .param/l "c_BIT_PERIOD" 0 2 15, +C4<00000000000000000010000111111100>;
P_0x563be9c6cf60 .param/l "c_CLKS_PER_BIT" 0 2 14, +C4<00000000000000000000000001010111>;
P_0x563be9c6cfa0 .param/l "c_CLOCK_PERIOD_NS" 0 2 13, +C4<00000000000000000000000001100100>;
v0x563be9c901e0_0 .var "r_clock", 0 0;
v0x563be9c902f0_0 .var "r_rx_serial", 0 0;
v0x563be9c903b0_0 .var "r_tx_byte", 7 0;
v0x563be9c904b0_0 .var "r_tx_dv", 0 0;
v0x563be9c90580_0 .net "w_rx_byte", 7 0, L_0x563be9c4a840;  1 drivers
v0x563be9c90670_0 .net "w_tx_done", 0 0, L_0x563be9c4a950;  1 drivers
E_0x563be9c4bea0 .event posedge, v0x563be9c8f710_0;
S_0x563be9c6edc0 .scope module, "UART_RX_INST" "uart_rx" 2 54, 3 1 0, S_0x563be9c6eba0;
 .timescale -9 -12;
    .port_info 0 /INPUT 1 "i_clock"
    .port_info 1 /INPUT 1 "i_rx_serial"
    .port_info 2 /OUTPUT 1 "o_rx_dv"
    .port_info 3 /OUTPUT 8 "o_rx_byte"
P_0x563be9c6f8b0 .param/l "CLKS_PER_BIT" 0 3 2, +C4<00000000000000000000000001010111>;
P_0x563be9c6f8f0 .param/l "s_CLEANUP" 0 3 14, C4<100>;
P_0x563be9c6f930 .param/l "s_IDLE" 0 3 10, C4<000>;
P_0x563be9c6f970 .param/l "s_RX_DATA_BITS" 0 3 12, C4<010>;
P_0x563be9c6f9b0 .param/l "s_RX_START_BIT" 0 3 11, C4<001>;
P_0x563be9c6f9f0 .param/l "s_RX_STOP_BIT" 0 3 13, C4<011>;
L_0x563be9c4a620 .functor BUFZ 1, v0x563be9c8ea00_0, C4<0>, C4<0>, C4<0>;
L_0x563be9c4a840 .functor BUFZ 8, v0x563be9c61eb0_0, C4<00000000>, C4<00000000>, C4<00000000>;
v0x563be9c6d130_0 .net "i_clock", 0 0, v0x563be9c901e0_0;  1 drivers
v0x563be9c6d340_0 .net "i_rx_serial", 0 0, v0x563be9c902f0_0;  1 drivers
v0x563be9c6d550_0 .net "o_rx_byte", 7 0, L_0x563be9c4a840;  alias, 1 drivers
v0x563be9c6da80_0 .net "o_rx_dv", 0 0, L_0x563be9c4a620;  1 drivers
v0x563be9c6de60_0 .var "r_Bit_Index", 2 0;
v0x563be9c69fa0_0 .var "r_Clock_Count", 7 0;
v0x563be9c61eb0_0 .var "r_Rx_Byte", 7 0;
v0x563be9c8ea00_0 .var "r_Rx_DV", 0 0;
v0x563be9c8eac0_0 .var "r_Rx_Data", 0 0;
v0x563be9c8eb80_0 .var "r_Rx_Data_R", 0 0;
v0x563be9c8ec40_0 .var "r_SM_Main", 2 0;
E_0x563be9c4c260 .event posedge, v0x563be9c6d130_0;
S_0x563be9c8eda0 .scope module, "UART_TX_INST" "uart_tx" 2 62, 4 1 0, S_0x563be9c6eba0;
 .timescale -9 -12;
    .port_info 0 /INPUT 1 "i_clock"
    .port_info 1 /INPUT 1 "i_tx_dv"
    .port_info 2 /INPUT 8 "i_tx_byte"
    .port_info 3 /OUTPUT 1 "o_tx_active"
    .port_info 4 /OUTPUT 1 "o_tx_serial"
    .port_info 5 /OUTPUT 1 "o_tx_done"
P_0x563be9c8ef40 .param/l "CLKS_PER_BIT" 0 4 2, +C4<00000000000000000000000001010111>;
P_0x563be9c8ef80 .param/l "s_CLEANUP" 0 4 16, C4<100>;
P_0x563be9c8efc0 .param/l "s_IDLE" 0 4 12, C4<000>;
P_0x563be9c8f000 .param/l "s_TX_DATA_BITS" 0 4 14, C4<010>;
P_0x563be9c8f040 .param/l "s_TX_START_BIT" 0 4 13, C4<001>;
P_0x563be9c8f080 .param/l "s_TX_STOP_BIT" 0 4 15, C4<011>;
L_0x563be9c4a730 .functor BUFZ 1, v0x563be9c8fb80_0, C4<0>, C4<0>, C4<0>;
L_0x563be9c4a950 .functor BUFZ 1, v0x563be9c8fd20_0, C4<0>, C4<0>, C4<0>;
v0x563be9c8f3f0_0 .net "i_clock", 0 0, v0x563be9c901e0_0;  alias, 1 drivers
v0x563be9c8f4c0_0 .net "i_tx_byte", 7 0, v0x563be9c903b0_0;  1 drivers
v0x563be9c8f580_0 .net "i_tx_dv", 0 0, v0x563be9c904b0_0;  1 drivers
v0x563be9c8f650_0 .net "o_tx_active", 0 0, L_0x563be9c4a730;  1 drivers
v0x563be9c8f710_0 .net "o_tx_done", 0 0, L_0x563be9c4a950;  alias, 1 drivers
v0x563be9c8f820_0 .var "o_tx_serial", 0 0;
v0x563be9c8f8e0_0 .var "r_Bit_Index", 2 0;
v0x563be9c8f9c0_0 .var "r_Clock_Count", 7 0;
v0x563be9c8faa0_0 .var "r_SM_Main", 2 0;
v0x563be9c8fb80_0 .var "r_Tx_Active", 0 0;
v0x563be9c8fc40_0 .var "r_Tx_Data", 7 0;
v0x563be9c8fd20_0 .var "r_Tx_Done", 0 0;
S_0x563be9c8fea0 .scope task, "UART_WRITE_BYTE" "UART_WRITE_BYTE" 2 29, 2 29 0, S_0x563be9c6eba0;
 .timescale -9 -12;
v0x563be9c90020_0 .var "i_data", 7 0;
v0x563be9c90100_0 .var/i "ii", 31 0;
TD_uart_tb.UART_WRITE_BYTE ;
    %pushi/vec4 0, 0, 1;
    %assign/vec4 v0x563be9c902f0_0, 0;
    %delay 8700000, 0;
    %delay 1000000, 0;
    %pushi/vec4 0, 0, 32;
    %store/vec4 v0x563be9c90100_0, 0, 32;
T_0.0 ;
    %load/vec4 v0x563be9c90100_0;
    %cmpi/s 8, 0, 32;
    %jmp/0xz T_0.1, 5;
    %load/vec4 v0x563be9c90020_0;
    %load/vec4 v0x563be9c90100_0;
    %part/s 1;
    %assign/vec4 v0x563be9c902f0_0, 0;
    %delay 8700000, 0;
    %load/vec4 v0x563be9c90100_0;
    %addi 1, 0, 32;
    %store/vec4 v0x563be9c90100_0, 0, 32;
    %jmp T_0.0;
T_0.1 ;
    %pushi/vec4 1, 0, 1;
    %assign/vec4 v0x563be9c902f0_0, 0;
    %delay 8700000, 0;
    %end;
    .scope S_0x563be9c6edc0;
T_1 ;
    %pushi/vec4 1, 0, 1;
    %store/vec4 v0x563be9c8eb80_0, 0, 1;
    %end;
    .thread T_1;
    .scope S_0x563be9c6edc0;
T_2 ;
    %pushi/vec4 1, 0, 1;
    %store/vec4 v0x563be9c8eac0_0, 0, 1;
    %end;
    .thread T_2;
    .scope S_0x563be9c6edc0;
T_3 ;
    %pushi/vec4 0, 0, 8;
    %store/vec4 v0x563be9c69fa0_0, 0, 8;
    %end;
    .thread T_3;
    .scope S_0x563be9c6edc0;
T_4 ;
    %pushi/vec4 0, 0, 3;
    %store/vec4 v0x563be9c6de60_0, 0, 3;
    %end;
    .thread T_4;
    .scope S_0x563be9c6edc0;
T_5 ;
    %pushi/vec4 0, 0, 8;
    %store/vec4 v0x563be9c61eb0_0, 0, 8;
    %end;
    .thread T_5;
    .scope S_0x563be9c6edc0;
T_6 ;
    %pushi/vec4 0, 0, 1;
    %store/vec4 v0x563be9c8ea00_0, 0, 1;
    %end;
    .thread T_6;
    .scope S_0x563be9c6edc0;
T_7 ;
    %pushi/vec4 0, 0, 3;
    %store/vec4 v0x563be9c8ec40_0, 0, 3;
    %end;
    .thread T_7;
    .scope S_0x563be9c6edc0;
T_8 ;
    %wait E_0x563be9c4c260;
    %load/vec4 v0x563be9c6d340_0;
    %assign/vec4 v0x563be9c8eb80_0, 0;
    %load/vec4 v0x563be9c8eb80_0;
    %assign/vec4 v0x563be9c8eac0_0, 0;
    %jmp T_8;
    .thread T_8;
    .scope S_0x563be9c6edc0;
T_9 ;
    %wait E_0x563be9c4c260;
    %load/vec4 v0x563be9c8ec40_0;
    %dup/vec4;
    %pushi/vec4 0, 0, 3;
    %cmp/u;
    %jmp/1 T_9.0, 6;
    %dup/vec4;
    %pushi/vec4 1, 0, 3;
    %cmp/u;
    %jmp/1 T_9.1, 6;
    %dup/vec4;
    %pushi/vec4 2, 0, 3;
    %cmp/u;
    %jmp/1 T_9.2, 6;
    %dup/vec4;
    %pushi/vec4 3, 0, 3;
    %cmp/u;
    %jmp/1 T_9.3, 6;
    %dup/vec4;
    %pushi/vec4 4, 0, 3;
    %cmp/u;
    %jmp/1 T_9.4, 6;
    %pushi/vec4 0, 0, 3;
    %assign/vec4 v0x563be9c8ec40_0, 0;
    %jmp T_9.6;
T_9.0 ;
    %pushi/vec4 0, 0, 1;
    %assign/vec4 v0x563be9c8ea00_0, 0;
    %pushi/vec4 0, 0, 8;
    %assign/vec4 v0x563be9c69fa0_0, 0;
    %pushi/vec4 0, 0, 3;
    %assign/vec4 v0x563be9c6de60_0, 0;
    %load/vec4 v0x563be9c8eac0_0;
    %cmpi/e 0, 0, 1;
    %jmp/0xz  T_9.7, 4;
    %pushi/vec4 1, 0, 3;
    %assign/vec4 v0x563be9c8ec40_0, 0;
    %jmp T_9.8;
T_9.7 ;
    %pushi/vec4 0, 0, 3;
    %assign/vec4 v0x563be9c8ec40_0, 0;
T_9.8 ;
    %jmp T_9.6;
T_9.1 ;
    %load/vec4 v0x563be9c69fa0_0;
    %pad/u 32;
    %cmpi/e 43, 0, 32;
    %jmp/0xz  T_9.9, 4;
    %load/vec4 v0x563be9c8eac0_0;
    %cmpi/e 0, 0, 1;
    %jmp/0xz  T_9.11, 4;
    %pushi/vec4 0, 0, 8;
    %assign/vec4 v0x563be9c69fa0_0, 0;
    %pushi/vec4 2, 0, 3;
    %assign/vec4 v0x563be9c8ec40_0, 0;
    %jmp T_9.12;
T_9.11 ;
    %pushi/vec4 0, 0, 3;
    %assign/vec4 v0x563be9c8ec40_0, 0;
T_9.12 ;
    %jmp T_9.10;
T_9.9 ;
    %load/vec4 v0x563be9c69fa0_0;
    %addi 1, 0, 8;
    %assign/vec4 v0x563be9c69fa0_0, 0;
    %pushi/vec4 1, 0, 3;
    %assign/vec4 v0x563be9c8ec40_0, 0;
T_9.10 ;
    %jmp T_9.6;
T_9.2 ;
    %load/vec4 v0x563be9c69fa0_0;
    %pad/u 32;
    %cmpi/u 86, 0, 32;
    %jmp/0xz  T_9.13, 5;
    %load/vec4 v0x563be9c69fa0_0;
    %addi 1, 0, 8;
    %assign/vec4 v0x563be9c69fa0_0, 0;
    %pushi/vec4 2, 0, 3;
    %assign/vec4 v0x563be9c8ec40_0, 0;
    %jmp T_9.14;
T_9.13 ;
    %pushi/vec4 0, 0, 8;
    %assign/vec4 v0x563be9c69fa0_0, 0;
    %load/vec4 v0x563be9c8eac0_0;
    %ix/load 5, 0, 0;
    %ix/getv 4, v0x563be9c6de60_0;
    %assign/vec4/off/d v0x563be9c61eb0_0, 4, 5;
    %load/vec4 v0x563be9c6de60_0;
    %pad/u 32;
    %cmpi/u 7, 0, 32;
    %jmp/0xz  T_9.15, 5;
    %load/vec4 v0x563be9c6de60_0;
    %addi 1, 0, 3;
    %assign/vec4 v0x563be9c6de60_0, 0;
    %pushi/vec4 2, 0, 3;
    %assign/vec4 v0x563be9c8ec40_0, 0;
    %jmp T_9.16;
T_9.15 ;
    %pushi/vec4 0, 0, 3;
    %assign/vec4 v0x563be9c6de60_0, 0;
    %pushi/vec4 3, 0, 3;
    %assign/vec4 v0x563be9c8ec40_0, 0;
T_9.16 ;
T_9.14 ;
    %jmp T_9.6;
T_9.3 ;
    %load/vec4 v0x563be9c69fa0_0;
    %pad/u 32;
    %cmpi/u 86, 0, 32;
    %jmp/0xz  T_9.17, 5;
    %load/vec4 v0x563be9c69fa0_0;
    %addi 1, 0, 8;
    %assign/vec4 v0x563be9c69fa0_0, 0;
    %pushi/vec4 3, 0, 3;
    %assign/vec4 v0x563be9c8ec40_0, 0;
    %jmp T_9.18;
T_9.17 ;
    %pushi/vec4 1, 0, 1;
    %assign/vec4 v0x563be9c8ea00_0, 0;
    %pushi/vec4 0, 0, 8;
    %assign/vec4 v0x563be9c69fa0_0, 0;
    %pushi/vec4 4, 0, 3;
    %assign/vec4 v0x563be9c8ec40_0, 0;
T_9.18 ;
    %jmp T_9.6;
T_9.4 ;
    %pushi/vec4 0, 0, 3;
    %assign/vec4 v0x563be9c8ec40_0, 0;
    %pushi/vec4 0, 0, 1;
    %assign/vec4 v0x563be9c8ea00_0, 0;
    %jmp T_9.6;
T_9.6 ;
    %pop/vec4 1;
    %jmp T_9;
    .thread T_9;
    .scope S_0x563be9c8eda0;
T_10 ;
    %pushi/vec4 0, 0, 3;
    %store/vec4 v0x563be9c8faa0_0, 0, 3;
    %end;
    .thread T_10;
    .scope S_0x563be9c8eda0;
T_11 ;
    %pushi/vec4 0, 0, 8;
    %store/vec4 v0x563be9c8f9c0_0, 0, 8;
    %end;
    .thread T_11;
    .scope S_0x563be9c8eda0;
T_12 ;
    %pushi/vec4 0, 0, 3;
    %store/vec4 v0x563be9c8f8e0_0, 0, 3;
    %end;
    .thread T_12;
    .scope S_0x563be9c8eda0;
T_13 ;
    %pushi/vec4 0, 0, 8;
    %store/vec4 v0x563be9c8fc40_0, 0, 8;
    %end;
    .thread T_13;
    .scope S_0x563be9c8eda0;
T_14 ;
    %pushi/vec4 0, 0, 1;
    %store/vec4 v0x563be9c8fd20_0, 0, 1;
    %end;
    .thread T_14;
    .scope S_0x563be9c8eda0;
T_15 ;
    %pushi/vec4 0, 0, 1;
    %store/vec4 v0x563be9c8fb80_0, 0, 1;
    %end;
    .thread T_15;
    .scope S_0x563be9c8eda0;
T_16 ;
    %wait E_0x563be9c4c260;
    %load/vec4 v0x563be9c8faa0_0;
    %dup/vec4;
    %pushi/vec4 0, 0, 3;
    %cmp/u;
    %jmp/1 T_16.0, 6;
    %dup/vec4;
    %pushi/vec4 1, 0, 3;
    %cmp/u;
    %jmp/1 T_16.1, 6;
    %dup/vec4;
    %pushi/vec4 2, 0, 3;
    %cmp/u;
    %jmp/1 T_16.2, 6;
    %dup/vec4;
    %pushi/vec4 3, 0, 3;
    %cmp/u;
    %jmp/1 T_16.3, 6;
    %dup/vec4;
    %pushi/vec4 4, 0, 3;
    %cmp/u;
    %jmp/1 T_16.4, 6;
    %pushi/vec4 0, 0, 3;
    %assign/vec4 v0x563be9c8faa0_0, 0;
    %jmp T_16.6;
T_16.0 ;
    %pushi/vec4 1, 0, 1;
    %assign/vec4 v0x563be9c8f820_0, 0;
    %pushi/vec4 0, 0, 1;
    %assign/vec4 v0x563be9c8fd20_0, 0;
    %pushi/vec4 0, 0, 8;
    %assign/vec4 v0x563be9c8f9c0_0, 0;
    %pushi/vec4 0, 0, 3;
    %assign/vec4 v0x563be9c8f8e0_0, 0;
    %load/vec4 v0x563be9c8f580_0;
    %cmpi/e 1, 0, 1;
    %jmp/0xz  T_16.7, 4;
    %pushi/vec4 1, 0, 1;
    %assign/vec4 v0x563be9c8fb80_0, 0;
    %load/vec4 v0x563be9c8f4c0_0;
    %assign/vec4 v0x563be9c8fc40_0, 0;
    %pushi/vec4 1, 0, 3;
    %assign/vec4 v0x563be9c8faa0_0, 0;
    %jmp T_16.8;
T_16.7 ;
    %pushi/vec4 0, 0, 3;
    %assign/vec4 v0x563be9c8faa0_0, 0;
T_16.8 ;
    %jmp T_16.6;
T_16.1 ;
    %pushi/vec4 0, 0, 1;
    %assign/vec4 v0x563be9c8f820_0, 0;
    %load/vec4 v0x563be9c8f9c0_0;
    %pad/u 32;
    %cmpi/u 86, 0, 32;
    %jmp/0xz  T_16.9, 5;
    %load/vec4 v0x563be9c8f9c0_0;
    %addi 1, 0, 8;
    %assign/vec4 v0x563be9c8f9c0_0, 0;
    %pushi/vec4 1, 0, 3;
    %assign/vec4 v0x563be9c8faa0_0, 0;
    %jmp T_16.10;
T_16.9 ;
    %pushi/vec4 0, 0, 8;
    %assign/vec4 v0x563be9c8f9c0_0, 0;
    %pushi/vec4 2, 0, 3;
    %assign/vec4 v0x563be9c8faa0_0, 0;
T_16.10 ;
    %jmp T_16.6;
T_16.2 ;
    %load/vec4 v0x563be9c8fc40_0;
    %load/vec4 v0x563be9c8f8e0_0;
    %part/u 1;
    %assign/vec4 v0x563be9c8f820_0, 0;
    %load/vec4 v0x563be9c8f9c0_0;
    %pad/u 32;
    %cmpi/u 86, 0, 32;
    %jmp/0xz  T_16.11, 5;
    %load/vec4 v0x563be9c8f9c0_0;
    %addi 1, 0, 8;
    %assign/vec4 v0x563be9c8f9c0_0, 0;
    %pushi/vec4 2, 0, 3;
    %assign/vec4 v0x563be9c8faa0_0, 0;
    %jmp T_16.12;
T_16.11 ;
    %pushi/vec4 0, 0, 8;
    %assign/vec4 v0x563be9c8f9c0_0, 0;
    %load/vec4 v0x563be9c8f8e0_0;
    %pad/u 32;
    %cmpi/u 7, 0, 32;
    %jmp/0xz  T_16.13, 5;
    %load/vec4 v0x563be9c8f8e0_0;
    %addi 1, 0, 3;
    %assign/vec4 v0x563be9c8f8e0_0, 0;
    %pushi/vec4 2, 0, 3;
    %assign/vec4 v0x563be9c8faa0_0, 0;
    %jmp T_16.14;
T_16.13 ;
    %pushi/vec4 0, 0, 3;
    %assign/vec4 v0x563be9c8f8e0_0, 0;
    %pushi/vec4 3, 0, 3;
    %assign/vec4 v0x563be9c8faa0_0, 0;
T_16.14 ;
T_16.12 ;
    %jmp T_16.6;
T_16.3 ;
    %pushi/vec4 1, 0, 1;
    %assign/vec4 v0x563be9c8f820_0, 0;
    %load/vec4 v0x563be9c8f9c0_0;
    %pad/u 32;
    %cmpi/u 86, 0, 32;
    %jmp/0xz  T_16.15, 5;
    %load/vec4 v0x563be9c8f9c0_0;
    %addi 1, 0, 8;
    %assign/vec4 v0x563be9c8f9c0_0, 0;
    %pushi/vec4 3, 0, 3;
    %assign/vec4 v0x563be9c8faa0_0, 0;
    %jmp T_16.16;
T_16.15 ;
    %pushi/vec4 1, 0, 1;
    %assign/vec4 v0x563be9c8fd20_0, 0;
    %pushi/vec4 0, 0, 8;
    %assign/vec4 v0x563be9c8f9c0_0, 0;
    %pushi/vec4 4, 0, 3;
    %assign/vec4 v0x563be9c8faa0_0, 0;
    %pushi/vec4 0, 0, 1;
    %assign/vec4 v0x563be9c8fb80_0, 0;
T_16.16 ;
    %jmp T_16.6;
T_16.4 ;
    %pushi/vec4 1, 0, 1;
    %assign/vec4 v0x563be9c8fd20_0, 0;
    %pushi/vec4 0, 0, 3;
    %assign/vec4 v0x563be9c8faa0_0, 0;
    %jmp T_16.6;
T_16.6 ;
    %pop/vec4 1;
    %jmp T_16;
    .thread T_16;
    .scope S_0x563be9c6eba0;
T_17 ;
    %pushi/vec4 0, 0, 1;
    %store/vec4 v0x563be9c901e0_0, 0, 1;
    %end;
    .thread T_17;
    .scope S_0x563be9c6eba0;
T_18 ;
    %pushi/vec4 0, 0, 1;
    %store/vec4 v0x563be9c904b0_0, 0, 1;
    %end;
    .thread T_18;
    .scope S_0x563be9c6eba0;
T_19 ;
    %pushi/vec4 0, 0, 8;
    %store/vec4 v0x563be9c903b0_0, 0, 8;
    %end;
    .thread T_19;
    .scope S_0x563be9c6eba0;
T_20 ;
    %pushi/vec4 1, 0, 1;
    %store/vec4 v0x563be9c902f0_0, 0, 1;
    %end;
    .thread T_20;
    .scope S_0x563be9c6eba0;
T_21 ;
    %delay 50000, 0;
    %load/vec4 v0x563be9c901e0_0;
    %nor/r;
    %assign/vec4 v0x563be9c901e0_0, 0;
    %jmp T_21;
    .thread T_21;
    .scope S_0x563be9c6eba0;
T_22 ;
    %vpi_call 2 78 "$dumpfile", "uart_tb.vcd" {0 0 0};
    %vpi_call 2 79 "$dumpvars" {0 0 0};
    %vpi_call 2 82 "$display", "time\011r_tx_byte\011w_tx_done\011r_rx_serial\011w_rx_byte" {0 0 0};
    %vpi_call 2 83 "$monitor", "%6d\011%2x\011%2x\011%2x\011%2x", $time, v0x563be9c903b0_0, v0x563be9c90670_0, v0x563be9c902f0_0, v0x563be9c90580_0 {0 0 0};
    %wait E_0x563be9c4c260;
    %wait E_0x563be9c4c260;
    %pushi/vec4 1, 0, 1;
    %assign/vec4 v0x563be9c904b0_0, 0;
    %pushi/vec4 171, 0, 8;
    %assign/vec4 v0x563be9c903b0_0, 0;
    %wait E_0x563be9c4c260;
    %wait E_0x563be9c4c260;
    %wait E_0x563be9c4c260;
    %wait E_0x563be9c4c260;
    %wait E_0x563be9c4c260;
    %pushi/vec4 0, 0, 1;
    %assign/vec4 v0x563be9c904b0_0, 0;
    %wait E_0x563be9c4bea0;
    %wait E_0x563be9c4c260;
    %pushi/vec4 63, 0, 8;
    %store/vec4 v0x563be9c90020_0, 0, 8;
    %fork TD_uart_tb.UART_WRITE_BYTE, S_0x563be9c8fea0;
    %join;
    %wait E_0x563be9c4c260;
    %load/vec4 v0x563be9c90580_0;
    %cmpi/e 63, 0, 8;
    %jmp/0xz  T_22.0, 4;
    %vpi_call 2 105 "$display", "Test Passed - Correct Byte Received" {0 0 0};
    %vpi_call 2 106 "$finish" {0 0 0};
    %jmp T_22.1;
T_22.0 ;
    %vpi_call 2 108 "$display", "Test Failed - Incorrect Byte Received" {0 0 0};
    %vpi_call 2 109 "$finish" {0 0 0};
T_22.1 ;
    %end;
    .thread T_22;
# The file index is used to find the file name in the following table.
:file_names 5;
    "N/A";
    "<interactive>";
    "uart_tb.v";
    "./uart_rx.v";
    "./uart_tx.v";
